Using pre-set license
Built from '2022.3/staging' branch; Version is '2022.3.17f1 (4fc78088f837) revision 5228416'; Using compiler version '192829333'; Build Type 'Release'
OS: 'Windows 11  (10.0.22631) 64bit Core' Language: 'en' Physical Memory: 32696 MB
BatchMode: 1, IsHumanControllingUs: 0, StartBugReporterOnCrash: 0, Is64bit: 1, IsPro: 1

COMMAND LINE ARGUMENTS:
C:\Program Files\Unity\Hub\Editor\2022.3.17f1\Editor\Unity.exe
-adb2
-batchMode
-noUpm
-name
AssetImportWorker1
-projectPath
C:/Users/jonas/code/2024-summer-unity/Summer2024
-logFile
Logs/AssetImportWorker1.log
-srvPort
50527
Successfully changed project path to: C:/Users/jonas/code/2024-summer-unity/Summer2024
C:/Users/jonas/code/2024-summer-unity/Summer2024
[UnityMemory] Configuration Parameters - Can be set up in boot.config
    "memorysetup-bucket-allocator-granularity=16"
    "memorysetup-bucket-allocator-bucket-count=8"
    "memorysetup-bucket-allocator-block-size=33554432"
    "memorysetup-bucket-allocator-block-count=8"
    "memorysetup-main-allocator-block-size=16777216"
    "memorysetup-thread-allocator-block-size=16777216"
    "memorysetup-gfx-main-allocator-block-size=16777216"
    "memorysetup-gfx-thread-allocator-block-size=16777216"
    "memorysetup-cache-allocator-block-size=4194304"
    "memorysetup-typetree-allocator-block-size=2097152"
    "memorysetup-profiler-bucket-allocator-granularity=16"
    "memorysetup-profiler-bucket-allocator-bucket-count=8"
    "memorysetup-profiler-bucket-allocator-block-size=33554432"
    "memorysetup-profiler-bucket-allocator-block-count=8"
    "memorysetup-profiler-allocator-block-size=16777216"
    "memorysetup-profiler-editor-allocator-block-size=1048576"
    "memorysetup-temp-allocator-size-main=16777216"
    "memorysetup-job-temp-allocator-block-size=2097152"
    "memorysetup-job-temp-allocator-block-size-background=1048576"
    "memorysetup-job-temp-allocator-reduction-small-platforms=262144"
    "memorysetup-allocator-temp-initial-block-size-main=262144"
    "memorysetup-allocator-temp-initial-block-size-worker=262144"
    "memorysetup-temp-allocator-size-background-worker=32768"
    "memorysetup-temp-allocator-size-job-worker=262144"
    "memorysetup-temp-allocator-size-preload-manager=33554432"
    "memorysetup-temp-allocator-size-nav-mesh-worker=65536"
    "memorysetup-temp-allocator-size-audio-worker=65536"
    "memorysetup-temp-allocator-size-cloud-worker=32768"
    "memorysetup-temp-allocator-size-gi-baking-worker=262144"
    "memorysetup-temp-allocator-size-gfx=262144"
Player connection [16064] Host "[IP] 10.0.0.103 [Port] 0 [Flags] 2 [Guid] 4222116922 [EditorId] 4222116922 [Version] 1048832 [Id] WindowsEditor(7,USERNZX-MB28DM6) [Debug] 1 [PackageName] WindowsEditor [ProjectName] Editor" joined multi-casting on [225.0.0.222:54997]...

Player connection [16064] Host "[IP] 10.0.0.103 [Port] 0 [Flags] 2 [Guid] 4222116922 [EditorId] 4222116922 [Version] 1048832 [Id] WindowsEditor(7,USERNZX-MB28DM6) [Debug] 1 [PackageName] WindowsEditor [ProjectName] Editor" joined alternative multi-casting on [225.0.0.222:34997]...

[Physics::Module] Initialized MultithreadedJobDispatcher with 15 workers.
Refreshing native plugins compatible for Editor in 17.31 ms, found 3 plugins.
Preloading 0 native plugins for Editor in 0.00 ms.
Initialize engine version: 2022.3.17f1 (4fc78088f837)
[Subsystems] Discovering subsystems at path C:/Program Files/Unity/Hub/Editor/2022.3.17f1/Editor/Data/Resources/UnitySubsystems
[Subsystems] Discovering subsystems at path C:/Users/jonas/code/2024-summer-unity/Summer2024/Assets
GfxDevice: creating device client; threaded=0; jobified=0
Direct3D:
    Version:  Direct3D 11.0 [level 11.1]
    Renderer: NVIDIA GeForce RTX 3060 Ti (ID=0x2489)
    Vendor:   NVIDIA
    VRAM:     8038 MB
    Driver:   31.0.15.2737
Initialize mono
Mono path[0] = 'C:/Program Files/Unity/Hub/Editor/2022.3.17f1/Editor/Data/Managed'
Mono path[1] = 'C:/Program Files/Unity/Hub/Editor/2022.3.17f1/Editor/Data/MonoBleedingEdge/lib/mono/unityjit-win32'
Mono config path = 'C:/Program Files/Unity/Hub/Editor/2022.3.17f1/Editor/Data/MonoBleedingEdge/etc'
Using monoOptions --debugger-agent=transport=dt_socket,embedding=1,server=y,suspend=n,address=127.0.0.1:56180
Begin MonoManager ReloadAssembly
Registering precompiled unity dll's ...
Register platform support module: C:/Program Files/Unity/Hub/Editor/2022.3.17f1/Editor/Data/PlaybackEngines/AndroidPlayer/UnityEditor.Android.Extensions.dll
Register platform support module: C:/Program Files/Unity/Hub/Editor/2022.3.17f1/Editor/Data/PlaybackEngines/WindowsStandaloneSupport/UnityEditor.WindowsStandalone.Extensions.dll
Registered in 0.047537 seconds.
- Loaded All Assemblies, in  0.570 seconds
Native extension for WindowsStandalone target not found
Native extension for Android target not found
Android Extension - Scanning For ADB Devices 359 ms
Mono: successfully reloaded assembly
- Finished resetting the current domain, in  0.794 seconds
Domain Reload Profiling: 1355ms
	BeginReloadAssembly (194ms)
		ExecutionOrderSort (0ms)
		DisableScriptedObjects (0ms)
		BackupInstance (0ms)
		ReleaseScriptingObjects (0ms)
		CreateAndSetChildDomain (1ms)
	RebuildCommonClasses (49ms)
	RebuildNativeTypeToScriptingClass (19ms)
	initialDomainReloadingComplete (143ms)
	LoadAllAssembliesAndSetupDomain (156ms)
		LoadAssemblies (185ms)
		RebuildTransferFunctionScriptingTraits (0ms)
		AnalyzeDomain (152ms)
			TypeCache.Refresh (151ms)
				TypeCache.ScanAssembly (139ms)
			ScanForSourceGeneratedMonoScriptInfo (0ms)
			ResolveRequiredComponents (0ms)
	FinalizeReload (794ms)
		ReleaseScriptCaches (0ms)
		RebuildScriptCaches (0ms)
		SetupLoadedEditorAssemblies (727ms)
			LogAssemblyErrors (0ms)
			InitializePlatformSupportModulesInManaged (511ms)
			SetLoadedEditorAssemblies (5ms)
			RefreshPlugins (0ms)
			BeforeProcessingInitializeOnLoad (3ms)
			ProcessInitializeOnLoadAttributes (146ms)
			ProcessInitializeOnLoadMethodAttributes (62ms)
			AfterProcessingInitializeOnLoad (0ms)
			EditorAssembliesLoaded (0ms)
		ExecutionOrderSort2 (0ms)
		AwakeInstancesAfterBackupRestoration (0ms)
========================================================================
Worker process is ready to serve import requests
Begin MonoManager ReloadAssembly
- Loaded All Assemblies, in  0.975 seconds
Refreshing native plugins compatible for Editor in 7.53 ms, found 3 plugins.
Native extension for WindowsStandalone target not found
Native extension for Android target not found
Package Manager log level set to [2]
[Package Manager] Server::EnsureServerProcessIsRunning -- launch failed, reason: Unity was launched with the -noUpm command-line argument
[Package Manager] UpmClient::Send -- Unable to send message (not connected to UPM process).
[Package Manager] Cannot connect to Unity Package Manager local server
Mono: successfully reloaded assembly
- Finished resetting the current domain, in  0.976 seconds
Domain Reload Profiling: 1929ms
	BeginReloadAssembly (222ms)
		ExecutionOrderSort (0ms)
		DisableScriptedObjects (7ms)
		BackupInstance (0ms)
		ReleaseScriptingObjects (0ms)
		CreateAndSetChildDomain (20ms)
	RebuildCommonClasses (35ms)
	RebuildNativeTypeToScriptingClass (11ms)
	initialDomainReloadingComplete (77ms)
	LoadAllAssembliesAndSetupDomain (608ms)
		LoadAssemblies (553ms)
		RebuildTransferFunctionScriptingTraits (0ms)
		AnalyzeDomain (211ms)
			TypeCache.Refresh (189ms)
				TypeCache.ScanAssembly (171ms)
			ScanForSourceGeneratedMonoScriptInfo (17ms)
			ResolveRequiredComponents (4ms)
	FinalizeReload (976ms)
		ReleaseScriptCaches (0ms)
		RebuildScriptCaches (0ms)
		SetupLoadedEditorAssemblies (741ms)
			LogAssemblyErrors (0ms)
			InitializePlatformSupportModulesInManaged (75ms)
			SetLoadedEditorAssemblies (6ms)
			RefreshPlugins (0ms)
			BeforeProcessingInitializeOnLoad (123ms)
			ProcessInitializeOnLoadAttributes (493ms)
			ProcessInitializeOnLoadMethodAttributes (19ms)
			AfterProcessingInitializeOnLoad (24ms)
			EditorAssembliesLoaded (0ms)
		ExecutionOrderSort2 (0ms)
		AwakeInstancesAfterBackupRestoration (6ms)
Launched and connected shader compiler UnityShaderCompiler.exe after 0.05 seconds
Refreshing native plugins compatible for Editor in 11.27 ms, found 3 plugins.
Preloading 0 native plugins for Editor in 0.00 ms.
Unloading 3097 Unused Serialized files (Serialized files now loaded: 0)
Unloading 32 unused Assets / (57.0 KB). Loaded Objects now: 3566.
Memory consumption went from 136.3 MB to 136.3 MB.
Total: 2.891300 ms (FindLiveObjects: 0.218000 ms CreateObjectMapping: 0.077600 ms MarkObjects: 2.502700 ms  DeleteObjects: 0.092100 ms)

AssetImportParameters requested are different than current active one (requested -> active):
  custom:container-demuxer-ogg: 62fdf1f143b41e24485cea50d1cbac27 -> 
  custom:video-decoder-ogg-theora: a1e56fd34408186e4bbccfd4996cb3dc -> 
  custom:framework-win-MediaFoundation: 216162199b28c13a410421893ffa2e32 -> 
  custom:CustomObjectIndexerAttribute: 6d391050e5a25f67b0a2c618074f2cd9 -> 
  custom:container-demuxer-webm: 4f35f7cbe854078d1ac9338744f61a02 -> 
  custom:container-muxer-webm: aa71ff27fc2769a1b78a27578f13a17b -> 
  custom:video-decoder-webm-vp8: 9c59270c3fd7afecdb556c50c9e8de78 -> 
  custom:SearchIndexIgnoredProperties: e643bd26f0fe6173181afceb89e7c659 -> 
  custom:AudioImporter_EditorPlatform: d09bf68614088b80899f8185d706f6e7 -> 
  custom:video-encoder-webm-vp8: eb34c28f22e8b96e1ab97ce403110664 -> 
  custom:audio-decoder-ogg-vorbis: bf7c407c2cedff20999df2af8eb42d56 -> 
  custom:audio-encoder-webm-vorbis: bf7c407c2cedff20999df2af8eb42d56 -> 
========================================================================
Received Import Request.
  Time since last request: 1007.763581 seconds.
  path: Assets/polyperfect/Low Poly Ultimate Pack/T/- Prefabs_T/Buildings_T/airport-control-tower.prefab
  artifactKey: Guid(5e0bc492235d54e4c926ed1e1707e74f) Importer(815301076,1909f56bfc062723c751e8b465ee728b)
Start importing Assets/polyperfect/Low Poly Ultimate Pack/T/- Prefabs_T/Buildings_T/airport-control-tower.prefab using Guid(5e0bc492235d54e4c926ed1e1707e74f) Importer(815301076,1909f56bfc062723c751e8b465ee728b)  -> (artifact id: 'a40dc9bfabc977a67f9a7cc1841ac86b') in 0.073730 seconds
Number of updated asset objects reloaded before import = 0
Number of asset objects unloaded after import = 8
========================================================================
Received Import Request.
  Time since last request: 0.000020 seconds.
  path: Assets/polyperfect/Low Poly Ultimate Pack/T/- Prefabs_T/Buildings_T/airport-hangar.prefab
  artifactKey: Guid(48f8cf208923c6744934b7fe0bfc10b0) Importer(815301076,1909f56bfc062723c751e8b465ee728b)
Start importing Assets/polyperfect/Low Poly Ultimate Pack/T/- Prefabs_T/Buildings_T/airport-hangar.prefab using Guid(48f8cf208923c6744934b7fe0bfc10b0) Importer(815301076,1909f56bfc062723c751e8b465ee728b)  -> (artifact id: 'ee8adde4692364dfb7803eb7e044ed28') in 0.014973 seconds
Number of updated asset objects reloaded before import = 0
Number of asset objects unloaded after import = 8
========================================================================
Received Import Request.
  Time since last request: 0.000028 seconds.
  path: Assets/polyperfect/Low Poly Ultimate Pack/M/- Prefabs_M/Buildings_M/airport-jet-bridge.prefab
  artifactKey: Guid(7345c7e08b96ca149846be52bf8d996d) Importer(815301076,1909f56bfc062723c751e8b465ee728b)
Start importing Assets/polyperfect/Low Poly Ultimate Pack/M/- Prefabs_M/Buildings_M/airport-jet-bridge.prefab using Guid(7345c7e08b96ca149846be52bf8d996d) Importer(815301076,1909f56bfc062723c751e8b465ee728b)  -> (artifact id: 'f24a965dda1b4c3f16e9460c3bcc9308') in 0.014320 seconds
Number of updated asset objects reloaded before import = 0
Number of asset objects unloaded after import = 8
========================================================================
Received Import Request.
  Time since last request: 0.000017 seconds.
  path: Assets/polyperfect/Low Poly Ultimate Pack/M/- Prefabs_M/Weapons_M/ak-47.prefab
  artifactKey: Guid(c57a0d40a4cdf32448f1dfce7452f8f6) Importer(815301076,1909f56bfc062723c751e8b465ee728b)
Start importing Assets/polyperfect/Low Poly Ultimate Pack/M/- Prefabs_M/Weapons_M/ak-47.prefab using Guid(c57a0d40a4cdf32448f1dfce7452f8f6) Importer(815301076,1909f56bfc062723c751e8b465ee728b)  -> (artifact id: '5048bca6e44ae99cc72f27323eb26f6a') in 0.011428 seconds
Number of updated asset objects reloaded before import = 0
Number of asset objects unloaded after import = 8
========================================================================
Received Import Request.
  Time since last request: 0.000016 seconds.
  path: Assets/polyperfect/Low Poly Ultimate Pack/T/- Prefabs_T/People_T/alien-ufo.prefab
  artifactKey: Guid(16d26378532b9824fbc290be40b1fd59) Importer(815301076,1909f56bfc062723c751e8b465ee728b)
Start importing Assets/polyperfect/Low Poly Ultimate Pack/T/- Prefabs_T/People_T/alien-ufo.prefab using Guid(16d26378532b9824fbc290be40b1fd59) Importer(815301076,1909f56bfc062723c751e8b465ee728b)  -> (artifact id: 'da65e19f1b3bea3a85481bb170f40183') in 0.011232 seconds
Number of updated asset objects reloaded before import = 0
Number of asset objects unloaded after import = 8
========================================================================
Received Import Request.
  Time since last request: 0.000016 seconds.
  path: Assets/polyperfect/Low Poly Ultimate Pack/T/- Prefabs_T/Buildings_T/airport-jet-bridge.prefab
  artifactKey: Guid(4604b22546dad4d4e806f18bf27cc392) Importer(815301076,1909f56bfc062723c751e8b465ee728b)
Start importing Assets/polyperfect/Low Poly Ultimate Pack/T/- Prefabs_T/Buildings_T/airport-jet-bridge.prefab using Guid(4604b22546dad4d4e806f18bf27cc392) Importer(815301076,1909f56bfc062723c751e8b465ee728b)  -> (artifact id: '9a2b30e621de7e10c9a6e52cf551e6d7') in 0.014865 seconds
Number of updated asset objects reloaded before import = 0
Number of asset objects unloaded after import = 8
========================================================================
Received Import Request.
  Time since last request: 0.000016 seconds.
  path: Assets/polyperfect/Low Poly Ultimate Pack/T/- Prefabs_T/People_T/Rigs_T/alien-ufo_Rig.prefab
  artifactKey: Guid(31a9d4f9e24b06644b3a6a2f7d701471) Importer(815301076,1909f56bfc062723c751e8b465ee728b)
Start importing Assets/polyperfect/Low Poly Ultimate Pack/T/- Prefabs_T/People_T/Rigs_T/alien-ufo_Rig.prefab using Guid(31a9d4f9e24b06644b3a6a2f7d701471) Importer(815301076,1909f56bfc062723c751e8b465ee728b)  -> (artifact id: 'a9c6a628fd97fec0d90b6009d42e7689') in 0.011775 seconds
Number of updated asset objects reloaded before import = 0
Number of asset objects unloaded after import = 67
========================================================================
Received Import Request.
  Time since last request: 0.000012 seconds.
  path: Assets/polyperfect/Low Poly Ultimate Pack/T/- Prefabs_T/Nature_T/Flowers_T/aloe-vera.prefab
  artifactKey: Guid(3c362c1d571e5974b8fa5f2eab28140f) Importer(815301076,1909f56bfc062723c751e8b465ee728b)
Start importing Assets/polyperfect/Low Poly Ultimate Pack/T/- Prefabs_T/Nature_T/Flowers_T/aloe-vera.prefab using Guid(3c362c1d571e5974b8fa5f2eab28140f) Importer(815301076,1909f56bfc062723c751e8b465ee728b)  -> (artifact id: 'c061872dfa801809ca7d5afaf5fd027f') in 0.009881 seconds
Number of updated asset objects reloaded before import = 0
Number of asset objects unloaded after import = 7
========================================================================
Received Import Request.
  Time since last request: 0.000016 seconds.
  path: Assets/polyperfect/Low Poly Ultimate Pack/M/- Prefabs_M/Fantasy_M/altar.prefab
  artifactKey: Guid(0bca4f4b07c4948c89cc31bd0ec6f278) Importer(815301076,1909f56bfc062723c751e8b465ee728b)
Start importing Assets/polyperfect/Low Poly Ultimate Pack/M/- Prefabs_M/Fantasy_M/altar.prefab using Guid(0bca4f4b07c4948c89cc31bd0ec6f278) Importer(815301076,1909f56bfc062723c751e8b465ee728b)  -> (artifact id: 'a842f1e56b0287978e2de76dffb2a846') in 0.012426 seconds
Number of updated asset objects reloaded before import = 0
Number of asset objects unloaded after import = 8
========================================================================
Received Import Request.
  Time since last request: 0.004489 seconds.
  path: Assets/polyperfect/Low Poly Ultimate Pack/T/- Prefabs_T/Resources_T/aluminium.prefab
  artifactKey: Guid(6532918d08f9bba498bc2f3997ab6d13) Importer(815301076,1909f56bfc062723c751e8b465ee728b)
Start importing Assets/polyperfect/Low Poly Ultimate Pack/T/- Prefabs_T/Resources_T/aluminium.prefab using Guid(6532918d08f9bba498bc2f3997ab6d13) Importer(815301076,1909f56bfc062723c751e8b465ee728b)  -> (artifact id: 'cd05f23924c27e8bb46f2be85d6295a4') in 0.012790 seconds
Number of updated asset objects reloaded before import = 0
Number of asset objects unloaded after import = 8
========================================================================
Received Import Request.
  Time since last request: 0.002562 seconds.
  path: Assets/polyperfect/Low Poly Ultimate Pack/M/- Prefabs_M/Sport_M/american-football-gate.prefab
  artifactKey: Guid(d7a82e8873789174bae72b945ea823ef) Importer(815301076,1909f56bfc062723c751e8b465ee728b)
Start importing Assets/polyperfect/Low Poly Ultimate Pack/M/- Prefabs_M/Sport_M/american-football-gate.prefab using Guid(d7a82e8873789174bae72b945ea823ef) Importer(815301076,1909f56bfc062723c751e8b465ee728b)  -> (artifact id: '914859008799b01a0c80d3a64c79b2bd') in 0.008585 seconds
Number of updated asset objects reloaded before import = 0
Number of asset objects unloaded after import = 8
========================================================================
Received Import Request.
  Time since last request: 0.000013 seconds.
  path: Assets/polyperfect/Low Poly Ultimate Pack/M/- Prefabs_M/Weapons_M/ammo-box-bullets.prefab
  artifactKey: Guid(8d7eec0f360c97244afbf1a2c6937028) Importer(815301076,1909f56bfc062723c751e8b465ee728b)
Start importing Assets/polyperfect/Low Poly Ultimate Pack/M/- Prefabs_M/Weapons_M/ammo-box-bullets.prefab using Guid(8d7eec0f360c97244afbf1a2c6937028) Importer(815301076,1909f56bfc062723c751e8b465ee728b)  -> (artifact id: '59bda835675b84a13512705f3751b07d') in 0.012129 seconds
Number of updated asset objects reloaded before import = 0
Number of asset objects unloaded after import = 7
========================================================================
Received Import Request.
  Time since last request: 0.000060 seconds.
  path: Assets/polyperfect/Low Poly Ultimate Pack/M/- Prefabs_M/Weapons_M/ammo-box-bullets-open.prefab
  artifactKey: Guid(5008c453f5be117489a56b17eb640e0d) Importer(815301076,1909f56bfc062723c751e8b465ee728b)
Start importing Assets/polyperfect/Low Poly Ultimate Pack/M/- Prefabs_M/Weapons_M/ammo-box-bullets-open.prefab using Guid(5008c453f5be117489a56b17eb640e0d) Importer(815301076,1909f56bfc062723c751e8b465ee728b)  -> (artifact id: 'c9eabfe5428745b3c8b38244f4edb215') in 0.013585 seconds
Number of updated asset objects reloaded before import = 0
Number of asset objects unloaded after import = 7
========================================================================
Received Import Request.
  Time since last request: 0.000014 seconds.
  path: Assets/polyperfect/Low Poly Ultimate Pack/T/- Prefabs_T/Weapons_T/ammo-box-explosives.prefab
  artifactKey: Guid(e23c01250b829c447b75b05f01945c49) Importer(815301076,1909f56bfc062723c751e8b465ee728b)
Start importing Assets/polyperfect/Low Poly Ultimate Pack/T/- Prefabs_T/Weapons_T/ammo-box-explosives.prefab using Guid(e23c01250b829c447b75b05f01945c49) Importer(815301076,1909f56bfc062723c751e8b465ee728b)  -> (artifact id: 'cc16f1d8983640acac1bd4e35d6bb16c') in 0.013242 seconds
Number of updated asset objects reloaded before import = 0
Number of asset objects unloaded after import = 8
========================================================================
Received Import Request.
  Time since last request: 0.006595 seconds.
  path: Assets/polyperfect/Low Poly Ultimate Pack/T/- Prefabs_T/WW2_T/ammo-crate-pak.prefab
  artifactKey: Guid(46301ace07d5740e0a8b50aa759c365d) Importer(815301076,1909f56bfc062723c751e8b465ee728b)
Start importing Assets/polyperfect/Low Poly Ultimate Pack/T/- Prefabs_T/WW2_T/ammo-crate-pak.prefab using Guid(46301ace07d5740e0a8b50aa759c365d) Importer(815301076,1909f56bfc062723c751e8b465ee728b)  -> (artifact id: '0d470d8278091c0c9e9484dd0192d2b2') in 0.008787 seconds
Number of updated asset objects reloaded before import = 0
Number of asset objects unloaded after import = 8
========================================================================
Received Import Request.
  Time since last request: 0.006802 seconds.
  path: Assets/polyperfect/Low Poly Ultimate Pack/T/- Prefabs_T/Weapons_T/ammo-shotgun.prefab
  artifactKey: Guid(0dbab8ff9346a1747a3e38c61dc4d096) Importer(815301076,1909f56bfc062723c751e8b465ee728b)
Start importing Assets/polyperfect/Low Poly Ultimate Pack/T/- Prefabs_T/Weapons_T/ammo-shotgun.prefab using Guid(0dbab8ff9346a1747a3e38c61dc4d096) Importer(815301076,1909f56bfc062723c751e8b465ee728b)  -> (artifact id: 'f8d279395f22015a886e62b06f156790') in 0.009054 seconds
Number of updated asset objects reloaded before import = 0
Number of asset objects unloaded after import = 8
========================================================================
Received Import Request.
  Time since last request: 0.005204 seconds.
  path: Assets/polyperfect/Low Poly Ultimate Pack/M/- Prefabs_M/Weapons_M/ammo-shotgun-open.prefab
  artifactKey: Guid(428a52ba0d4901c4aa11a351aeb754d6) Importer(815301076,1909f56bfc062723c751e8b465ee728b)
Start importing Assets/polyperfect/Low Poly Ultimate Pack/M/- Prefabs_M/Weapons_M/ammo-shotgun-open.prefab using Guid(428a52ba0d4901c4aa11a351aeb754d6) Importer(815301076,1909f56bfc062723c751e8b465ee728b)  -> (artifact id: '2ddfab2ce85d769a5c63a0e8496771c7') in 0.008794 seconds
Number of updated asset objects reloaded before import = 0
Number of asset objects unloaded after import = 7
========================================================================
Received Import Request.
  Time since last request: 0.002619 seconds.
  path: Assets/polyperfect/Low Poly Ultimate Pack/M/- Prefabs_M/Props_M/anchor.prefab
  artifactKey: Guid(7b478ebe14e0c405da08645b6024896e) Importer(815301076,1909f56bfc062723c751e8b465ee728b)
Start importing Assets/polyperfect/Low Poly Ultimate Pack/M/- Prefabs_M/Props_M/anchor.prefab using Guid(7b478ebe14e0c405da08645b6024896e) Importer(815301076,1909f56bfc062723c751e8b465ee728b)  -> (artifact id: 'db2f3933537f1d899b8841d44934b75f') in 0.011714 seconds
Number of updated asset objects reloaded before import = 0
Number of asset objects unloaded after import = 8
========================================================================
Received Import Request.
  Time since last request: 0.000014 seconds.
  path: Assets/polyperfect/Low Poly Ultimate Pack/M/- Prefabs_M/Tools_M/anvil.prefab
  artifactKey: Guid(48034632bab0d53468471a9bbb7a73fd) Importer(815301076,1909f56bfc062723c751e8b465ee728b)
Start importing Assets/polyperfect/Low Poly Ultimate Pack/M/- Prefabs_M/Tools_M/anvil.prefab using Guid(48034632bab0d53468471a9bbb7a73fd) Importer(815301076,1909f56bfc062723c751e8b465ee728b)  -> (artifact id: 'cc728a8c58a50cfcd43472424930be7c') in 0.012120 seconds
Number of updated asset objects reloaded before import = 0
Number of asset objects unloaded after import = 8
========================================================================
Received Import Request.
  Time since last request: 0.003214 seconds.
  path: Assets/polyperfect/Low Poly Ultimate Pack/M/- Prefabs_M/Food_M/apple.prefab
  artifactKey: Guid(5f3499b7ccca7438db0396f05573acae) Importer(815301076,1909f56bfc062723c751e8b465ee728b)
Start importing Assets/polyperfect/Low Poly Ultimate Pack/M/- Prefabs_M/Food_M/apple.prefab using Guid(5f3499b7ccca7438db0396f05573acae) Importer(815301076,1909f56bfc062723c751e8b465ee728b)  -> (artifact id: '727a2bbe3163290f1e95b982989e53a1') in 0.012478 seconds
Number of updated asset objects reloaded before import = 0
Number of asset objects unloaded after import = 7
========================================================================
Received Import Request.
  Time since last request: 0.003382 seconds.
  path: Assets/polyperfect/Low Poly Ultimate Pack/M/- Prefabs_M/Food_M/apple-core.prefab
  artifactKey: Guid(6ee22d10094735049a4b3f4d1d26d0ad) Importer(815301076,1909f56bfc062723c751e8b465ee728b)
Start importing Assets/polyperfect/Low Poly Ultimate Pack/M/- Prefabs_M/Food_M/apple-core.prefab using Guid(6ee22d10094735049a4b3f4d1d26d0ad) Importer(815301076,1909f56bfc062723c751e8b465ee728b)  -> (artifact id: 'b129c1d72d142a863c44131cb1741b7a') in 0.012482 seconds
Number of updated asset objects reloaded before import = 0
Number of asset objects unloaded after import = 8
========================================================================
Received Import Request.
  Time since last request: 0.007360 seconds.
  path: Assets/polyperfect/Low Poly Ultimate Pack/M/- Prefabs_M/Electronics_M/arcade-machine-dance.prefab
  artifactKey: Guid(13d080ad2aa909d4baff3704682991f0) Importer(815301076,1909f56bfc062723c751e8b465ee728b)
Start importing Assets/polyperfect/Low Poly Ultimate Pack/M/- Prefabs_M/Electronics_M/arcade-machine-dance.prefab using Guid(13d080ad2aa909d4baff3704682991f0) Importer(815301076,1909f56bfc062723c751e8b465ee728b)  -> (artifact id: 'bbd09a3274822c06a976755d43317b45') in 0.017079 seconds
Number of updated asset objects reloaded before import = 0
Number of asset objects unloaded after import = 8
========================================================================
Received Import Request.
  Time since last request: 0.007851 seconds.
  path: Assets/polyperfect/Low Poly Ultimate Pack/M/- Prefabs_M/Electronics_M/arcade-machine-frog.prefab
  artifactKey: Guid(be966c00a0eba494a975d30e01133a9a) Importer(815301076,1909f56bfc062723c751e8b465ee728b)
Start importing Assets/polyperfect/Low Poly Ultimate Pack/M/- Prefabs_M/Electronics_M/arcade-machine-frog.prefab using Guid(be966c00a0eba494a975d30e01133a9a) Importer(815301076,1909f56bfc062723c751e8b465ee728b)  -> (artifact id: 'da763bca8c616c2059a2607938e36dc6') in 0.012317 seconds
Number of updated asset objects reloaded before import = 0
Number of asset objects unloaded after import = 8
========================================================================
Received Import Request.
  Time since last request: 0.003963 seconds.
  path: Assets/polyperfect/Low Poly Ultimate Pack/M/- Prefabs_M/Electronics_M/arcade-machine-race.prefab
  artifactKey: Guid(0942b14a2d14a7449bdb9584506974b0) Importer(815301076,1909f56bfc062723c751e8b465ee728b)
Start importing Assets/polyperfect/Low Poly Ultimate Pack/M/- Prefabs_M/Electronics_M/arcade-machine-race.prefab using Guid(0942b14a2d14a7449bdb9584506974b0) Importer(815301076,1909f56bfc062723c751e8b465ee728b)  -> (artifact id: '7bde4fcc3f8c510bc0967cc0b6ae47db') in 0.012670 seconds
Number of updated asset objects reloaded before import = 0
Number of asset objects unloaded after import = 8
========================================================================
Received Import Request.
  Time since last request: 0.000169 seconds.
  path: Assets/polyperfect/Low Poly Ultimate Pack/T/- Prefabs_T/Electronics_T/arcade-machine-shooter.prefab
  artifactKey: Guid(f4666d9d9bdfbbd41b819edb12efce09) Importer(815301076,1909f56bfc062723c751e8b465ee728b)
Start importing Assets/polyperfect/Low Poly Ultimate Pack/T/- Prefabs_T/Electronics_T/arcade-machine-shooter.prefab using Guid(f4666d9d9bdfbbd41b819edb12efce09) Importer(815301076,1909f56bfc062723c751e8b465ee728b)  -> (artifact id: 'd6d4cc8b5eaeea87a5ddeae02c06275d') in 0.018313 seconds
Number of updated asset objects reloaded before import = 0
Number of asset objects unloaded after import = 8
========================================================================
Received Import Request.
  Time since last request: 1.548751 seconds.
  path: Assets/polyperfect/Low Poly Ultimate Pack/T/- Prefabs_T/Construction_T/brick-plain.prefab
  artifactKey: Guid(dfddd1d1ae297384d84c0f9c0c558ebb) Importer(815301076,1909f56bfc062723c751e8b465ee728b)
Start importing Assets/polyperfect/Low Poly Ultimate Pack/T/- Prefabs_T/Construction_T/brick-plain.prefab using Guid(dfddd1d1ae297384d84c0f9c0c558ebb) Importer(815301076,1909f56bfc062723c751e8b465ee728b)  -> (artifact id: '2cfdb1c966242b8dad30b8b7ae1ae9a4') in 0.013996 seconds
Number of updated asset objects reloaded before import = 0
Number of asset objects unloaded after import = 8
========================================================================
Received Import Request.
  Time since last request: 0.000016 seconds.
  path: Assets/polyperfect/Low Poly Ultimate Pack/M/- Meshes_M/Construction_M/brick-plain-stack.fbx
  artifactKey: Guid(ad30900c9150ea14681bf7893169f19b) Importer(815301076,1909f56bfc062723c751e8b465ee728b)
Start importing Assets/polyperfect/Low Poly Ultimate Pack/M/- Meshes_M/Construction_M/brick-plain-stack.fbx using Guid(ad30900c9150ea14681bf7893169f19b) Importer(815301076,1909f56bfc062723c751e8b465ee728b)  -> (artifact id: '43d6232f9d06714c052a0a524c404953') in 0.034534 seconds
Number of updated asset objects reloaded before import = 0
Number of asset objects unloaded after import = 7
========================================================================
Received Import Request.
  Time since last request: 0.000014 seconds.
  path: Assets/polyperfect/Low Poly Ultimate Pack/M/- Meshes_M/Terrains_M/Planes_M/terrain-plane-plain.fbx
  artifactKey: Guid(63b52ffdd0fdf424ebcdf05e62687992) Importer(815301076,1909f56bfc062723c751e8b465ee728b)
Start importing Assets/polyperfect/Low Poly Ultimate Pack/M/- Meshes_M/Terrains_M/Planes_M/terrain-plane-plain.fbx using Guid(63b52ffdd0fdf424ebcdf05e62687992) Importer(815301076,1909f56bfc062723c751e8b465ee728b)  -> (artifact id: '7e7271cecfcde7ceaef1e36812b0ca94') in 0.013526 seconds
Number of updated asset objects reloaded before import = 0
Number of asset objects unloaded after import = 7
========================================================================
Received Import Request.
  Time since last request: 0.000018 seconds.
  path: Assets/polyperfect/Low Poly Ultimate Pack/M/- Meshes_M/Terrains_M/Worlds_M/terrain-world-plain.fbx
  artifactKey: Guid(22dc21eec3aab4c79b134ff4b44ca618) Importer(815301076,1909f56bfc062723c751e8b465ee728b)
Start importing Assets/polyperfect/Low Poly Ultimate Pack/M/- Meshes_M/Terrains_M/Worlds_M/terrain-world-plain.fbx using Guid(22dc21eec3aab4c79b134ff4b44ca618) Importer(815301076,1909f56bfc062723c751e8b465ee728b)  -> (artifact id: '165a5354ab5d736e979da8e18327ff8e') in 0.015032 seconds
Number of updated asset objects reloaded before import = 0
Number of asset objects unloaded after import = 7
========================================================================
Received Import Request.
  Time since last request: 0.000015 seconds.
  path: Assets/polyperfect/Low Poly Ultimate Pack/T/- Meshes_T/Terrains_T/Worlds_T/terrain-world-plain.fbx
  artifactKey: Guid(98a2a0e745ce742fa8afa80c60ee81aa) Importer(815301076,1909f56bfc062723c751e8b465ee728b)
Start importing Assets/polyperfect/Low Poly Ultimate Pack/T/- Meshes_T/Terrains_T/Worlds_T/terrain-world-plain.fbx using Guid(98a2a0e745ce742fa8afa80c60ee81aa) Importer(815301076,1909f56bfc062723c751e8b465ee728b)  -> (artifact id: 'f7046e31d427828fb1babcc47288bac2') in 0.013177 seconds
Number of updated asset objects reloaded before import = 0
Number of asset objects unloaded after import = 7
========================================================================
Received Import Request.
  Time since last request: 0.000014 seconds.
  path: Assets/polyperfect/Low Poly Ultimate Pack/M/- Prefabs_M/Tiles_M/tile-plain-hump.prefab
  artifactKey: Guid(939149b6bb1852741b0fbea4c105ddb3) Importer(815301076,1909f56bfc062723c751e8b465ee728b)
Start importing Assets/polyperfect/Low Poly Ultimate Pack/M/- Prefabs_M/Tiles_M/tile-plain-hump.prefab using Guid(939149b6bb1852741b0fbea4c105ddb3) Importer(815301076,1909f56bfc062723c751e8b465ee728b)  -> (artifact id: 'dc81932708130f9615dfe185c0e541d9') in 0.009031 seconds
Number of updated asset objects reloaded before import = 0
Number of asset objects unloaded after import = 8
========================================================================
Received Import Request.
  Time since last request: 0.000013 seconds.
  path: Assets/polyperfect/Low Poly Ultimate Pack/M/- Prefabs_M/Terrains_M/Planes_M/terrain-plane-plain.prefab
  artifactKey: Guid(8dabb46ff405a448881d989eea46db26) Importer(815301076,1909f56bfc062723c751e8b465ee728b)
Start importing Assets/polyperfect/Low Poly Ultimate Pack/M/- Prefabs_M/Terrains_M/Planes_M/terrain-plane-plain.prefab using Guid(8dabb46ff405a448881d989eea46db26) Importer(815301076,1909f56bfc062723c751e8b465ee728b)  -> (artifact id: 'f4ea529c67c599617fac8d2c08dcebb2') in 0.010777 seconds
Number of updated asset objects reloaded before import = 0
Number of asset objects unloaded after import = 9
========================================================================
Received Import Request.
  Time since last request: 0.000012 seconds.
  path: Assets/polyperfect/Low Poly Ultimate Pack/T/- Meshes_T/Construction_T/brick-plain.fbx
  artifactKey: Guid(ef5e2f64160eada4cb37bd7eaa32f332) Importer(815301076,1909f56bfc062723c751e8b465ee728b)
Start importing Assets/polyperfect/Low Poly Ultimate Pack/T/- Meshes_T/Construction_T/brick-plain.fbx using Guid(ef5e2f64160eada4cb37bd7eaa32f332) Importer(815301076,1909f56bfc062723c751e8b465ee728b)  -> (artifact id: '43aac886c76496b9aed9a6727395cfdb') in 0.007834 seconds
Number of updated asset objects reloaded before import = 0
Number of asset objects unloaded after import = 7
========================================================================
Received Import Request.
  Time since last request: 0.000012 seconds.
  path: Assets/polyperfect/Low Poly Ultimate Pack/T/- Prefabs_T/Construction_T/brick-plain-stack.prefab
  artifactKey: Guid(16e9c844c98965b478a28a6d713f1602) Importer(815301076,1909f56bfc062723c751e8b465ee728b)
Start importing Assets/polyperfect/Low Poly Ultimate Pack/T/- Prefabs_T/Construction_T/brick-plain-stack.prefab using Guid(16e9c844c98965b478a28a6d713f1602) Importer(815301076,1909f56bfc062723c751e8b465ee728b)  -> (artifact id: '26b729e6f987a977be7809b00f579a11') in 0.011228 seconds
Number of updated asset objects reloaded before import = 0
Number of asset objects unloaded after import = 8
========================================================================
Received Import Request.
  Time since last request: 0.000015 seconds.
  path: Assets/polyperfect/Low Poly Ultimate Pack/T/- Prefabs_T/Tiles-NB_T/tile-plain-nb.prefab
  artifactKey: Guid(6e20eed2b08a2a64090d6db94e42104d) Importer(815301076,1909f56bfc062723c751e8b465ee728b)
Start importing Assets/polyperfect/Low Poly Ultimate Pack/T/- Prefabs_T/Tiles-NB_T/tile-plain-nb.prefab using Guid(6e20eed2b08a2a64090d6db94e42104d) Importer(815301076,1909f56bfc062723c751e8b465ee728b)  -> (artifact id: '39eb9537fe6dc1a50eae0c5c7ab61f3a') in 0.010361 seconds
Number of updated asset objects reloaded before import = 0
Number of asset objects unloaded after import = 8
========================================================================
Received Import Request.
  Time since last request: 0.000025 seconds.
  path: Assets/polyperfect/Low Poly Ultimate Pack/M/- Prefabs_M/Construction_M/brick-plain.prefab
  artifactKey: Guid(7db1f3c5993fb50438d4a951b42689d0) Importer(815301076,1909f56bfc062723c751e8b465ee728b)
Start importing Assets/polyperfect/Low Poly Ultimate Pack/M/- Prefabs_M/Construction_M/brick-plain.prefab using Guid(7db1f3c5993fb50438d4a951b42689d0) Importer(815301076,1909f56bfc062723c751e8b465ee728b)  -> (artifact id: '225704e5a8a61c1d6227c32d6f0ecb82') in 0.009471 seconds
Number of updated asset objects reloaded before import = 0
Number of asset objects unloaded after import = 8
========================================================================
Received Import Request.
  Time since last request: 0.000013 seconds.
  path: Assets/polyperfect/Low Poly Ultimate Pack/T/- Prefabs_T/Tiles_T/tile-plain_asphalt.prefab
  artifactKey: Guid(13772216d1d144ffe932df09a2344533) Importer(815301076,1909f56bfc062723c751e8b465ee728b)
Start importing Assets/polyperfect/Low Poly Ultimate Pack/T/- Prefabs_T/Tiles_T/tile-plain_asphalt.prefab using Guid(13772216d1d144ffe932df09a2344533) Importer(815301076,1909f56bfc062723c751e8b465ee728b)  -> (artifact id: '9aa2b02370ce11ec92aaab4e77128767') in 0.010497 seconds
Number of updated asset objects reloaded before import = 0
Number of asset objects unloaded after import = 8
========================================================================
Received Import Request.
  Time since last request: 0.000015 seconds.
  path: Assets/polyperfect/Low Poly Ultimate Pack/T/- Prefabs_T/Tiles-NB_T/tile-plain_asphalt-nb.prefab
  artifactKey: Guid(5e0cf7839daff434fa5b429dab5c6bd6) Importer(815301076,1909f56bfc062723c751e8b465ee728b)
Start importing Assets/polyperfect/Low Poly Ultimate Pack/T/- Prefabs_T/Tiles-NB_T/tile-plain_asphalt-nb.prefab using Guid(5e0cf7839daff434fa5b429dab5c6bd6) Importer(815301076,1909f56bfc062723c751e8b465ee728b)  -> (artifact id: 'eb957eba2718a67c8b57df9d0b3baf43') in 0.010710 seconds
Number of updated asset objects reloaded before import = 0
Number of asset objects unloaded after import = 8
========================================================================
Received Import Request.
  Time since last request: 0.002408 seconds.
  path: Assets/polyperfect/Low Poly Ultimate Pack/T/- Prefabs_T/Tiles-NB_T/tile-plain_concrete-nb.prefab
  artifactKey: Guid(c578c08a88954af4d81c30d80f077061) Importer(815301076,1909f56bfc062723c751e8b465ee728b)
Start importing Assets/polyperfect/Low Poly Ultimate Pack/T/- Prefabs_T/Tiles-NB_T/tile-plain_concrete-nb.prefab using Guid(c578c08a88954af4d81c30d80f077061) Importer(815301076,1909f56bfc062723c751e8b465ee728b)  -> (artifact id: '0e03d767f3475c78a7474512082a1acc') in 0.011656 seconds
Number of updated asset objects reloaded before import = 0
Number of asset objects unloaded after import = 8
========================================================================
Received Import Request.
  Time since last request: 0.004648 seconds.
  path: Assets/polyperfect/Low Poly Ultimate Pack/T/- Prefabs_T/Tiles-NB_T/tile-plain_dirt-nb.prefab
  artifactKey: Guid(3849d3d3aa68a4d468a866c87e247b89) Importer(815301076,1909f56bfc062723c751e8b465ee728b)
Start importing Assets/polyperfect/Low Poly Ultimate Pack/T/- Prefabs_T/Tiles-NB_T/tile-plain_dirt-nb.prefab using Guid(3849d3d3aa68a4d468a866c87e247b89) Importer(815301076,1909f56bfc062723c751e8b465ee728b)  -> (artifact id: '3b068b955411b15e4e45b2765ed1603d') in 0.011836 seconds
Number of updated asset objects reloaded before import = 0
Number of asset objects unloaded after import = 8
========================================================================
Received Import Request.
  Time since last request: 0.008229 seconds.
  path: Assets/polyperfect/Low Poly Ultimate Pack/T/- Prefabs_T/Tiles_T/tile-plain_sand.prefab
  artifactKey: Guid(7b692aaf4d2f24f65a9b0cfd4c7bdf2c) Importer(815301076,1909f56bfc062723c751e8b465ee728b)
Start importing Assets/polyperfect/Low Poly Ultimate Pack/T/- Prefabs_T/Tiles_T/tile-plain_sand.prefab using Guid(7b692aaf4d2f24f65a9b0cfd4c7bdf2c) Importer(815301076,1909f56bfc062723c751e8b465ee728b)  -> (artifact id: '742e8a8d2223269825e0badf0c99b5ab') in 0.009674 seconds
Number of updated asset objects reloaded before import = 0
Number of asset objects unloaded after import = 8
========================================================================
Received Import Request.
  Time since last request: 380.165349 seconds.
  path: Assets/polyperfect/Low Poly Ultimate Pack/M/- Meshes_M/Amusement Park_M/bumper-car.fbx
  artifactKey: Guid(e120d3d178742034abc6c6e74dfa81a8) Importer(815301076,1909f56bfc062723c751e8b465ee728b)
Start importing Assets/polyperfect/Low Poly Ultimate Pack/M/- Meshes_M/Amusement Park_M/bumper-car.fbx using Guid(e120d3d178742034abc6c6e74dfa81a8) Importer(815301076,1909f56bfc062723c751e8b465ee728b)  -> (artifact id: 'e57d28f9a08175f21e4fdbeda52959bc') in 0.013278 seconds
Number of updated asset objects reloaded before import = 0
Number of asset objects unloaded after import = 7
========================================================================
Received Import Request.
  Time since last request: 0.000016 seconds.
  path: Assets/polyperfect/Low Poly Ultimate Pack/M/- Meshes_M/Amusement Park_M/burger-stall.fbx
  artifactKey: Guid(5f336762e2e12ac46a9fe6f92c09a6ab) Importer(815301076,1909f56bfc062723c751e8b465ee728b)
Start importing Assets/polyperfect/Low Poly Ultimate Pack/M/- Meshes_M/Amusement Park_M/burger-stall.fbx using Guid(5f336762e2e12ac46a9fe6f92c09a6ab) Importer(815301076,1909f56bfc062723c751e8b465ee728b)  -> (artifact id: '74b737e2a8d24866aecc595dce289b19') in 0.011942 seconds
Number of updated asset objects reloaded before import = 0
Number of asset objects unloaded after import = 7
========================================================================
Received Import Request.
  Time since last request: 0.005601 seconds.
  path: Assets/polyperfect/Low Poly Ultimate Pack/M/- Meshes_M/Amusement Park_M/carousel-coaster.fbx
  artifactKey: Guid(baac86cf70bb154408472e24230daba0) Importer(815301076,1909f56bfc062723c751e8b465ee728b)
Start importing Assets/polyperfect/Low Poly Ultimate Pack/M/- Meshes_M/Amusement Park_M/carousel-coaster.fbx using Guid(baac86cf70bb154408472e24230daba0) Importer(815301076,1909f56bfc062723c751e8b465ee728b)  -> (artifact id: '194b368ad3d340d761e1e4cf12e6b308') in 0.028805 seconds
Number of updated asset objects reloaded before import = 0
Number of asset objects unloaded after import = 14
========================================================================
Received Import Request.
  Time since last request: 0.005702 seconds.
  path: Assets/polyperfect/Low Poly Ultimate Pack/M/- Meshes_M/Amusement Park_M/information-stall.fbx
  artifactKey: Guid(c80a57f95728af0448bc2624543583ac) Importer(815301076,1909f56bfc062723c751e8b465ee728b)
Start importing Assets/polyperfect/Low Poly Ultimate Pack/M/- Meshes_M/Amusement Park_M/information-stall.fbx using Guid(c80a57f95728af0448bc2624543583ac) Importer(815301076,1909f56bfc062723c751e8b465ee728b)  -> (artifact id: 'fb991c8a6a70896219833e4a193ccec4') in 0.021605 seconds
Number of updated asset objects reloaded before import = 0
Number of asset objects unloaded after import = 7
========================================================================
Received Import Request.
  Time since last request: 0.000019 seconds.
  path: Assets/polyperfect/Low Poly Ultimate Pack/M/- Meshes_M/Amusement Park_M/free-fall-ride.fbx
  artifactKey: Guid(ece91637323836e42bd471e7ec116081) Importer(815301076,1909f56bfc062723c751e8b465ee728b)
Start importing Assets/polyperfect/Low Poly Ultimate Pack/M/- Meshes_M/Amusement Park_M/free-fall-ride.fbx using Guid(ece91637323836e42bd471e7ec116081) Importer(815301076,1909f56bfc062723c751e8b465ee728b)  -> (artifact id: '3621f9f03356f754852ffeb5b4d0754c') in 0.032303 seconds
Number of updated asset objects reloaded before import = 0
Number of asset objects unloaded after import = 14
========================================================================
Received Import Request.
  Time since last request: 0.000016 seconds.
  path: Assets/polyperfect/Low Poly Ultimate Pack/M/- Meshes_M/Amusement Park_M/roller-coaster-cart-back.fbx
  artifactKey: Guid(aee7718fc2d55104c82b99d2cd0bd1f5) Importer(815301076,1909f56bfc062723c751e8b465ee728b)
Start importing Assets/polyperfect/Low Poly Ultimate Pack/M/- Meshes_M/Amusement Park_M/roller-coaster-cart-back.fbx using Guid(aee7718fc2d55104c82b99d2cd0bd1f5) Importer(815301076,1909f56bfc062723c751e8b465ee728b)  -> (artifact id: '947cc1ee3249a859f093de18b83a7774') in 0.015775 seconds
Number of updated asset objects reloaded before import = 0
Number of asset objects unloaded after import = 7
========================================================================
Received Import Request.
  Time since last request: 0.000019 seconds.
  path: Assets/polyperfect/Low Poly Ultimate Pack/M/- Meshes_M/Amusement Park_M/stand-popcorn-big.fbx
  artifactKey: Guid(dc7b110db12a57e4ab0158259e59c161) Importer(815301076,1909f56bfc062723c751e8b465ee728b)
Start importing Assets/polyperfect/Low Poly Ultimate Pack/M/- Meshes_M/Amusement Park_M/stand-popcorn-big.fbx using Guid(dc7b110db12a57e4ab0158259e59c161) Importer(815301076,1909f56bfc062723c751e8b465ee728b)  -> (artifact id: '477eaa3ef8baadcccedbafe752749510') in 0.015179 seconds
Number of updated asset objects reloaded before import = 0
Number of asset objects unloaded after import = 7
========================================================================
Received Import Request.
  Time since last request: 0.000014 seconds.
  path: Assets/polyperfect/Low Poly Ultimate Pack/M/- Meshes_M/Amusement Park_M/stand-ice-cream.fbx
  artifactKey: Guid(117358795f8b1e14193236285e77d8ef) Importer(815301076,1909f56bfc062723c751e8b465ee728b)
Start importing Assets/polyperfect/Low Poly Ultimate Pack/M/- Meshes_M/Amusement Park_M/stand-ice-cream.fbx using Guid(117358795f8b1e14193236285e77d8ef) Importer(815301076,1909f56bfc062723c751e8b465ee728b)  -> (artifact id: '0bc2924e00bc41119d8fa4b967f8a944') in 0.016330 seconds
Number of updated asset objects reloaded before import = 0
Number of asset objects unloaded after import = 7
========================================================================
Received Import Request.
  Time since last request: 0.000014 seconds.
  path: Assets/polyperfect/Low Poly Ultimate Pack/M/- Meshes_M/Amusement Park_M/water-ride.fbx
  artifactKey: Guid(bf105e51cc4cb8a4e927d200caa530a8) Importer(815301076,1909f56bfc062723c751e8b465ee728b)
Start importing Assets/polyperfect/Low Poly Ultimate Pack/M/- Meshes_M/Amusement Park_M/water-ride.fbx using Guid(bf105e51cc4cb8a4e927d200caa530a8) Importer(815301076,1909f56bfc062723c751e8b465ee728b)  -> (artifact id: '58a35cfba70fc1a5f1f15094b3819ebf') in 0.021897 seconds
Number of updated asset objects reloaded before import = 0
Number of asset objects unloaded after import = 7
========================================================================
Received Import Request.
  Time since last request: 0.000017 seconds.
  path: Assets/polyperfect/Low Poly Ultimate Pack/M/- Meshes_M/Amusement Park_M/stand-popcorn-small.fbx
  artifactKey: Guid(8fa9eb8b36071314ab6d597a75973a63) Importer(815301076,1909f56bfc062723c751e8b465ee728b)
Start importing Assets/polyperfect/Low Poly Ultimate Pack/M/- Meshes_M/Amusement Park_M/stand-popcorn-small.fbx using Guid(8fa9eb8b36071314ab6d597a75973a63) Importer(815301076,1909f56bfc062723c751e8b465ee728b)  -> (artifact id: '64c21cedcf3bbdddcce35cd547cf13cf') in 0.033308 seconds
Number of updated asset objects reloaded before import = 0
Number of asset objects unloaded after import = 7
========================================================================
Received Import Request.
  Time since last request: 0.000018 seconds.
  path: Assets/polyperfect/Low Poly Ultimate Pack/M/- Meshes_M/Amusement Park_M/popcorn.fbx
  artifactKey: Guid(05a645c4cd796dc49945da9f75e43a93) Importer(815301076,1909f56bfc062723c751e8b465ee728b)
Start importing Assets/polyperfect/Low Poly Ultimate Pack/M/- Meshes_M/Amusement Park_M/popcorn.fbx using Guid(05a645c4cd796dc49945da9f75e43a93) Importer(815301076,1909f56bfc062723c751e8b465ee728b)  -> (artifact id: '36b472185bdfbcb6f3fd11f81961ad94') in 0.022404 seconds
Number of updated asset objects reloaded before import = 0
Number of asset objects unloaded after import = 7
========================================================================
Received Import Request.
  Time since last request: 0.000011 seconds.
  path: Assets/polyperfect/Low Poly Ultimate Pack/M/- Meshes_M/Amusement Park_M/water-ride-cart.fbx
  artifactKey: Guid(97cd9dc6aea55bd498812582b2ee2c4f) Importer(815301076,1909f56bfc062723c751e8b465ee728b)
Start importing Assets/polyperfect/Low Poly Ultimate Pack/M/- Meshes_M/Amusement Park_M/water-ride-cart.fbx using Guid(97cd9dc6aea55bd498812582b2ee2c4f) Importer(815301076,1909f56bfc062723c751e8b465ee728b)  -> (artifact id: '02099e010e38b3486b21a8ca31e0fcf3') in 0.014537 seconds
Number of updated asset objects reloaded before import = 0
Number of asset objects unloaded after import = 7
========================================================================
Received Import Request.
  Time since last request: 0.000016 seconds.
  path: Assets/polyperfect/Low Poly Ultimate Pack/M/- Meshes_M/Amusement Park_M/stand-cotton-small.fbx
  artifactKey: Guid(c73c8f3b3e321bb4493728f024549d1a) Importer(815301076,1909f56bfc062723c751e8b465ee728b)
Start importing Assets/polyperfect/Low Poly Ultimate Pack/M/- Meshes_M/Amusement Park_M/stand-cotton-small.fbx using Guid(c73c8f3b3e321bb4493728f024549d1a) Importer(815301076,1909f56bfc062723c751e8b465ee728b)  -> (artifact id: '48744253d50208f30709d40591234ff9') in 0.015803 seconds
Number of updated asset objects reloaded before import = 0
Number of asset objects unloaded after import = 7
========================================================================
Received Import Request.
  Time since last request: 0.000014 seconds.
  path: Assets/polyperfect/Low Poly Ultimate Pack/M/- Meshes_M/Amusement Park_M/ticket-ride-booth.fbx
  artifactKey: Guid(768ffd034810fe048a014419599c508d) Importer(815301076,1909f56bfc062723c751e8b465ee728b)
Start importing Assets/polyperfect/Low Poly Ultimate Pack/M/- Meshes_M/Amusement Park_M/ticket-ride-booth.fbx using Guid(768ffd034810fe048a014419599c508d) Importer(815301076,1909f56bfc062723c751e8b465ee728b)  -> (artifact id: '86df6ec5c6d4ee6cac432e1b5338939c') in 0.013379 seconds
Number of updated asset objects reloaded before import = 0
Number of asset objects unloaded after import = 7
========================================================================
Received Import Request.
  Time since last request: 0.000018 seconds.
  path: Assets/polyperfect/Low Poly Ultimate Pack/M/- Meshes_M/Amusement Park_M/roller-coaster-big.fbx
  artifactKey: Guid(b38d5bee9a2e1a446897c0167f004344) Importer(815301076,1909f56bfc062723c751e8b465ee728b)
Start importing Assets/polyperfect/Low Poly Ultimate Pack/M/- Meshes_M/Amusement Park_M/roller-coaster-big.fbx using Guid(b38d5bee9a2e1a446897c0167f004344) Importer(815301076,1909f56bfc062723c751e8b465ee728b)  -> (artifact id: '953dbebab3450909b2c865570997f18f') in 0.014536 seconds
Number of updated asset objects reloaded before import = 0
Number of asset objects unloaded after import = 7
========================================================================
Received Import Request.
  Time since last request: 0.000013 seconds.
  path: Assets/polyperfect/Low Poly Ultimate Pack/M/- Meshes_M/Amusement Park_M/stand-cotton-big.fbx
  artifactKey: Guid(e1729b462bc4f304c81b62ff502df0d7) Importer(815301076,1909f56bfc062723c751e8b465ee728b)
Start importing Assets/polyperfect/Low Poly Ultimate Pack/M/- Meshes_M/Amusement Park_M/stand-cotton-big.fbx using Guid(e1729b462bc4f304c81b62ff502df0d7) Importer(815301076,1909f56bfc062723c751e8b465ee728b)  -> (artifact id: '0f81d98d01ca1d5d607afb675e6b4b30') in 0.013321 seconds
Number of updated asset objects reloaded before import = 0
Number of asset objects unloaded after import = 7
========================================================================
Received Import Request.
  Time since last request: 0.000014 seconds.
  path: Assets/polyperfect/Low Poly Ultimate Pack/M/- Meshes_M/Amusement Park_M/soda-stall.fbx
  artifactKey: Guid(bfa2f1208f73bcb4aa7b8997a2c73a75) Importer(815301076,1909f56bfc062723c751e8b465ee728b)
Start importing Assets/polyperfect/Low Poly Ultimate Pack/M/- Meshes_M/Amusement Park_M/soda-stall.fbx using Guid(bfa2f1208f73bcb4aa7b8997a2c73a75) Importer(815301076,1909f56bfc062723c751e8b465ee728b)  -> (artifact id: '5f786324d7067e18d8039e3c78bc238f') in 0.014606 seconds
Number of updated asset objects reloaded before import = 0
Number of asset objects unloaded after import = 7
========================================================================
Received Prepare
Begin MonoManager ReloadAssembly
- Loaded All Assemblies, in  0.752 seconds
Refreshing native plugins compatible for Editor in 9.80 ms, found 3 plugins.
Native extension for WindowsStandalone target not found
Native extension for Android target not found
[Package Manager] Server::EnsureServerProcessIsRunning -- launch failed, reason: Unity was launched with the -noUpm command-line argument
[Package Manager] UpmClient::Send -- Unable to send message (not connected to UPM process).
[Package Manager] Cannot connect to Unity Package Manager local server
Mono: successfully reloaded assembly
- Finished resetting the current domain, in  1.365 seconds
Domain Reload Profiling: 2098ms
	BeginReloadAssembly (278ms)
		ExecutionOrderSort (0ms)
		DisableScriptedObjects (4ms)
		BackupInstance (0ms)
		ReleaseScriptingObjects (0ms)
		CreateAndSetChildDomain (29ms)
	RebuildCommonClasses (32ms)
	RebuildNativeTypeToScriptingClass (12ms)
	initialDomainReloadingComplete (56ms)
	LoadAllAssembliesAndSetupDomain (354ms)
		LoadAssemblies (535ms)
		RebuildTransferFunctionScriptingTraits (0ms)
		AnalyzeDomain (20ms)
			TypeCache.Refresh (9ms)
				TypeCache.ScanAssembly (0ms)
			ScanForSourceGeneratedMonoScriptInfo (6ms)
			ResolveRequiredComponents (4ms)
	FinalizeReload (1366ms)
		ReleaseScriptCaches (0ms)
		RebuildScriptCaches (0ms)
		SetupLoadedEditorAssemblies (499ms)
			LogAssemblyErrors (0ms)
			InitializePlatformSupportModulesInManaged (30ms)
			SetLoadedEditorAssemblies (3ms)
			RefreshPlugins (0ms)
			BeforeProcessingInitializeOnLoad (77ms)
			ProcessInitializeOnLoadAttributes (352ms)
			ProcessInitializeOnLoadMethodAttributes (16ms)
			AfterProcessingInitializeOnLoad (21ms)
			EditorAssembliesLoaded (0ms)
		ExecutionOrderSort2 (0ms)
		AwakeInstancesAfterBackupRestoration (7ms)
Refreshing native plugins compatible for Editor in 7.84 ms, found 3 plugins.
Preloading 0 native plugins for Editor in 0.00 ms.
Unloading 3086 Unused Serialized files (Serialized files now loaded: 0)
Unloading 24 unused Assets / (31.3 KB). Loaded Objects now: 3579.
Memory consumption went from 130.9 MB to 130.9 MB.
Total: 3.011300 ms (FindLiveObjects: 0.199200 ms CreateObjectMapping: 0.070200 ms MarkObjects: 2.682600 ms  DeleteObjects: 0.058100 ms)

Prepare: number of updated asset objects reloaded= 0
AssetImportParameters requested are different than current active one (requested -> active):
  custom:container-demuxer-ogg: 62fdf1f143b41e24485cea50d1cbac27 -> 
  custom:video-decoder-ogg-theora: a1e56fd34408186e4bbccfd4996cb3dc -> 
  custom:framework-win-MediaFoundation: 216162199b28c13a410421893ffa2e32 -> 
  custom:CustomObjectIndexerAttribute: 6d391050e5a25f67b0a2c618074f2cd9 -> 
  custom:container-demuxer-webm: 4f35f7cbe854078d1ac9338744f61a02 -> 
  custom:container-muxer-webm: aa71ff27fc2769a1b78a27578f13a17b -> 
  custom:video-decoder-webm-vp8: 9c59270c3fd7afecdb556c50c9e8de78 -> 
  custom:SearchIndexIgnoredProperties: e643bd26f0fe6173181afceb89e7c659 -> 
  custom:AudioImporter_EditorPlatform: d09bf68614088b80899f8185d706f6e7 -> 
  custom:video-encoder-webm-vp8: eb34c28f22e8b96e1ab97ce403110664 -> 
  custom:audio-decoder-ogg-vorbis: bf7c407c2cedff20999df2af8eb42d56 -> 
  custom:audio-encoder-webm-vorbis: bf7c407c2cedff20999df2af8eb42d56 -> 
Editor requested this worker to shutdown with reason: Scaling down because of idle timeout
TcpMessagingSession - receive error: operation aborted. errorcode: 995, details: The I/O operation has been aborted because of either a thread exit or an application request.
AssetImportWorker is now disconnected from the server
Process exiting
Exiting without the bug reporter. Application will terminate with return code 0