Using pre-set license
Built from '2022.3/staging' branch; Version is '2022.3.17f1 (4fc78088f837) revision 5228416'; Using compiler version '192829333'; Build Type 'Release'
OS: 'Windows 11  (10.0.22631) 64bit Core' Language: 'en' Physical Memory: 32696 MB
BatchMode: 1, IsHumanControllingUs: 0, StartBugReporterOnCrash: 0, Is64bit: 1, IsPro: 1

COMMAND LINE ARGUMENTS:
C:\Program Files\Unity\Hub\Editor\2022.3.17f1\Editor\Unity.exe
-adb2
-batchMode
-noUpm
-name
AssetImportWorker0
-projectPath
C:/Users/jonas/code/2024-summer-unity/Summer2024
-logFile
Logs/AssetImportWorker0.log
-srvPort
50527
Successfully changed project path to: C:/Users/jonas/code/2024-summer-unity/Summer2024
C:/Users/jonas/code/2024-summer-unity/Summer2024
[UnityMemory] Configuration Parameters - Can be set up in boot.config
    "memorysetup-bucket-allocator-granularity=16"
    "memorysetup-bucket-allocator-bucket-count=8"
    "memorysetup-bucket-allocator-block-size=33554432"
    "memorysetup-bucket-allocator-block-count=8"
    "memorysetup-main-allocator-block-size=16777216"
    "memorysetup-thread-allocator-block-size=16777216"
    "memorysetup-gfx-main-allocator-block-size=16777216"
    "memorysetup-gfx-thread-allocator-block-size=16777216"
    "memorysetup-cache-allocator-block-size=4194304"
    "memorysetup-typetree-allocator-block-size=2097152"
    "memorysetup-profiler-bucket-allocator-granularity=16"
    "memorysetup-profiler-bucket-allocator-bucket-count=8"
    "memorysetup-profiler-bucket-allocator-block-size=33554432"
    "memorysetup-profiler-bucket-allocator-block-count=8"
    "memorysetup-profiler-allocator-block-size=16777216"
    "memorysetup-profiler-editor-allocator-block-size=1048576"
    "memorysetup-temp-allocator-size-main=16777216"
    "memorysetup-job-temp-allocator-block-size=2097152"
    "memorysetup-job-temp-allocator-block-size-background=1048576"
    "memorysetup-job-temp-allocator-reduction-small-platforms=262144"
    "memorysetup-allocator-temp-initial-block-size-main=262144"
    "memorysetup-allocator-temp-initial-block-size-worker=262144"
    "memorysetup-temp-allocator-size-background-worker=32768"
    "memorysetup-temp-allocator-size-job-worker=262144"
    "memorysetup-temp-allocator-size-preload-manager=33554432"
    "memorysetup-temp-allocator-size-nav-mesh-worker=65536"
    "memorysetup-temp-allocator-size-audio-worker=65536"
    "memorysetup-temp-allocator-size-cloud-worker=32768"
    "memorysetup-temp-allocator-size-gi-baking-worker=262144"
    "memorysetup-temp-allocator-size-gfx=262144"
Player connection [19424] Host "[IP] 10.0.0.103 [Port] 0 [Flags] 2 [Guid] 3916991275 [EditorId] 3916991275 [Version] 1048832 [Id] WindowsEditor(7,USERNZX-MB28DM6) [Debug] 1 [PackageName] WindowsEditor [ProjectName] Editor" joined multi-casting on [225.0.0.222:54997]...

Player connection [19424] Host "[IP] 10.0.0.103 [Port] 0 [Flags] 2 [Guid] 3916991275 [EditorId] 3916991275 [Version] 1048832 [Id] WindowsEditor(7,USERNZX-MB28DM6) [Debug] 1 [PackageName] WindowsEditor [ProjectName] Editor" joined alternative multi-casting on [225.0.0.222:34997]...

[Physics::Module] Initialized MultithreadedJobDispatcher with 15 workers.
Refreshing native plugins compatible for Editor in 17.05 ms, found 3 plugins.
Preloading 0 native plugins for Editor in 0.00 ms.
Initialize engine version: 2022.3.17f1 (4fc78088f837)
[Subsystems] Discovering subsystems at path C:/Program Files/Unity/Hub/Editor/2022.3.17f1/Editor/Data/Resources/UnitySubsystems
[Subsystems] Discovering subsystems at path C:/Users/jonas/code/2024-summer-unity/Summer2024/Assets
GfxDevice: creating device client; threaded=0; jobified=0
Direct3D:
    Version:  Direct3D 11.0 [level 11.1]
    Renderer: NVIDIA GeForce RTX 3060 Ti (ID=0x2489)
    Vendor:   NVIDIA
    VRAM:     8038 MB
    Driver:   31.0.15.2737
Initialize mono
Mono path[0] = 'C:/Program Files/Unity/Hub/Editor/2022.3.17f1/Editor/Data/Managed'
Mono path[1] = 'C:/Program Files/Unity/Hub/Editor/2022.3.17f1/Editor/Data/MonoBleedingEdge/lib/mono/unityjit-win32'
Mono config path = 'C:/Program Files/Unity/Hub/Editor/2022.3.17f1/Editor/Data/MonoBleedingEdge/etc'
Using monoOptions --debugger-agent=transport=dt_socket,embedding=1,server=y,suspend=n,address=127.0.0.1:56124
Begin MonoManager ReloadAssembly
Registering precompiled unity dll's ...
Register platform support module: C:/Program Files/Unity/Hub/Editor/2022.3.17f1/Editor/Data/PlaybackEngines/AndroidPlayer/UnityEditor.Android.Extensions.dll
Register platform support module: C:/Program Files/Unity/Hub/Editor/2022.3.17f1/Editor/Data/PlaybackEngines/WindowsStandaloneSupport/UnityEditor.WindowsStandalone.Extensions.dll
Registered in 0.044650 seconds.
- Loaded All Assemblies, in  0.566 seconds
Native extension for WindowsStandalone target not found
Native extension for Android target not found
Android Extension - Scanning For ADB Devices 360 ms
Mono: successfully reloaded assembly
- Finished resetting the current domain, in  0.807 seconds
Domain Reload Profiling: 1364ms
	BeginReloadAssembly (185ms)
		ExecutionOrderSort (0ms)
		DisableScriptedObjects (0ms)
		BackupInstance (0ms)
		ReleaseScriptingObjects (0ms)
		CreateAndSetChildDomain (1ms)
	RebuildCommonClasses (48ms)
	RebuildNativeTypeToScriptingClass (16ms)
	initialDomainReloadingComplete (148ms)
	LoadAllAssembliesAndSetupDomain (160ms)
		LoadAssemblies (176ms)
		RebuildTransferFunctionScriptingTraits (0ms)
		AnalyzeDomain (156ms)
			TypeCache.Refresh (155ms)
				TypeCache.ScanAssembly (139ms)
			ScanForSourceGeneratedMonoScriptInfo (0ms)
			ResolveRequiredComponents (0ms)
	FinalizeReload (808ms)
		ReleaseScriptCaches (0ms)
		RebuildScriptCaches (0ms)
		SetupLoadedEditorAssemblies (735ms)
			LogAssemblyErrors (0ms)
			InitializePlatformSupportModulesInManaged (514ms)
			SetLoadedEditorAssemblies (4ms)
			RefreshPlugins (0ms)
			BeforeProcessingInitializeOnLoad (3ms)
			ProcessInitializeOnLoadAttributes (150ms)
			ProcessInitializeOnLoadMethodAttributes (64ms)
			AfterProcessingInitializeOnLoad (0ms)
			EditorAssembliesLoaded (0ms)
		ExecutionOrderSort2 (0ms)
		AwakeInstancesAfterBackupRestoration (0ms)
========================================================================
Worker process is ready to serve import requests
Begin MonoManager ReloadAssembly
- Loaded All Assemblies, in  0.949 seconds
Refreshing native plugins compatible for Editor in 8.36 ms, found 3 plugins.
Native extension for WindowsStandalone target not found
Native extension for Android target not found
Package Manager log level set to [2]
[Package Manager] Server::EnsureServerProcessIsRunning -- launch failed, reason: Unity was launched with the -noUpm command-line argument
[Package Manager] UpmClient::Send -- Unable to send message (not connected to UPM process).
[Package Manager] Cannot connect to Unity Package Manager local server
Mono: successfully reloaded assembly
- Finished resetting the current domain, in  0.970 seconds
Domain Reload Profiling: 1903ms
	BeginReloadAssembly (230ms)
		ExecutionOrderSort (0ms)
		DisableScriptedObjects (8ms)
		BackupInstance (0ms)
		ReleaseScriptingObjects (0ms)
		CreateAndSetChildDomain (24ms)
	RebuildCommonClasses (41ms)
	RebuildNativeTypeToScriptingClass (11ms)
	initialDomainReloadingComplete (77ms)
	LoadAllAssembliesAndSetupDomain (574ms)
		LoadAssemblies (529ms)
		RebuildTransferFunctionScriptingTraits (0ms)
		AnalyzeDomain (196ms)
			TypeCache.Refresh (173ms)
				TypeCache.ScanAssembly (153ms)
			ScanForSourceGeneratedMonoScriptInfo (19ms)
			ResolveRequiredComponents (3ms)
	FinalizeReload (970ms)
		ReleaseScriptCaches (0ms)
		RebuildScriptCaches (0ms)
		SetupLoadedEditorAssemblies (744ms)
			LogAssemblyErrors (0ms)
			InitializePlatformSupportModulesInManaged (56ms)
			SetLoadedEditorAssemblies (5ms)
			RefreshPlugins (0ms)
			BeforeProcessingInitializeOnLoad (151ms)
			ProcessInitializeOnLoadAttributes (489ms)
			ProcessInitializeOnLoadMethodAttributes (21ms)
			AfterProcessingInitializeOnLoad (22ms)
			EditorAssembliesLoaded (0ms)
		ExecutionOrderSort2 (0ms)
		AwakeInstancesAfterBackupRestoration (7ms)
Launched and connected shader compiler UnityShaderCompiler.exe after 0.04 seconds
Refreshing native plugins compatible for Editor in 12.95 ms, found 3 plugins.
Preloading 0 native plugins for Editor in 0.00 ms.
Unloading 3097 Unused Serialized files (Serialized files now loaded: 0)
Unloading 32 unused Assets / (57.4 KB). Loaded Objects now: 3566.
Memory consumption went from 136.3 MB to 136.3 MB.
Total: 5.445300 ms (FindLiveObjects: 0.338600 ms CreateObjectMapping: 0.186900 ms MarkObjects: 4.779800 ms  DeleteObjects: 0.138600 ms)

AssetImportParameters requested are different than current active one (requested -> active):
  custom:container-demuxer-ogg: 62fdf1f143b41e24485cea50d1cbac27 -> 
  custom:video-decoder-ogg-theora: a1e56fd34408186e4bbccfd4996cb3dc -> 
  custom:framework-win-MediaFoundation: 216162199b28c13a410421893ffa2e32 -> 
  custom:CustomObjectIndexerAttribute: 6d391050e5a25f67b0a2c618074f2cd9 -> 
  custom:container-demuxer-webm: 4f35f7cbe854078d1ac9338744f61a02 -> 
  custom:container-muxer-webm: aa71ff27fc2769a1b78a27578f13a17b -> 
  custom:video-decoder-webm-vp8: 9c59270c3fd7afecdb556c50c9e8de78 -> 
  custom:SearchIndexIgnoredProperties: e643bd26f0fe6173181afceb89e7c659 -> 
  custom:AudioImporter_EditorPlatform: d09bf68614088b80899f8185d706f6e7 -> 
  custom:video-encoder-webm-vp8: eb34c28f22e8b96e1ab97ce403110664 -> 
  custom:audio-decoder-ogg-vorbis: bf7c407c2cedff20999df2af8eb42d56 -> 
  custom:audio-encoder-webm-vorbis: bf7c407c2cedff20999df2af8eb42d56 -> 
========================================================================
Received Import Request.
  Time since last request: 844.771980 seconds.
  path: Assets/Scripts/GridController.cs
  artifactKey: Guid(aceba4cbbd7469b4284d6bb606494637) Importer(815301076,1909f56bfc062723c751e8b465ee728b)
Start importing Assets/Scripts/GridController.cs using Guid(aceba4cbbd7469b4284d6bb606494637) Importer(815301076,1909f56bfc062723c751e8b465ee728b)  -> (artifact id: '64a127879cc5395d3759b32a56f4ecbd') in 0.003836 seconds
Number of updated asset objects reloaded before import = 0
Number of asset objects unloaded after import = 0
========================================================================
Received Import Request.
  Time since last request: 51.548474 seconds.
  path: Assets/Materials
  artifactKey: Guid(69f027ed8822b2840a8890001533afd8) Importer(815301076,1909f56bfc062723c751e8b465ee728b)
Start importing Assets/Materials using Guid(69f027ed8822b2840a8890001533afd8) Importer(815301076,1909f56bfc062723c751e8b465ee728b)  -> (artifact id: '7571242dbadf537d266de2246551ae62') in 0.000429 seconds
Number of updated asset objects reloaded before import = 0
Number of asset objects unloaded after import = 0
========================================================================
Received Import Request.
  Time since last request: 6.644863 seconds.
  path: Assets/Prefabs
  artifactKey: Guid(932d590397fba6f48b320bffb5a3f953) Importer(815301076,1909f56bfc062723c751e8b465ee728b)
Start importing Assets/Prefabs using Guid(932d590397fba6f48b320bffb5a3f953) Importer(815301076,1909f56bfc062723c751e8b465ee728b)  -> (artifact id: 'e5d3925622a5c4ab24a868c8a6705115') in 0.000523 seconds
Number of updated asset objects reloaded before import = 0
Number of asset objects unloaded after import = 0
========================================================================
Received Import Request.
  Time since last request: 4.498007 seconds.
  path: Assets/Prefabs/Tiles
  artifactKey: Guid(af8df8a95c0c7d64e880c84c03ef19bc) Importer(815301076,1909f56bfc062723c751e8b465ee728b)
Start importing Assets/Prefabs/Tiles using Guid(af8df8a95c0c7d64e880c84c03ef19bc) Importer(815301076,1909f56bfc062723c751e8b465ee728b)  -> (artifact id: 'ed2b8575236780b82de72ac9d87a67f2') in 0.000471 seconds
Number of updated asset objects reloaded before import = 0
Number of asset objects unloaded after import = 0
========================================================================
Received Import Request.
  Time since last request: 83.030839 seconds.
  path: Assets/Sos
  artifactKey: Guid(e7802812a69e39d46a828d4ab2e57d55) Importer(815301076,1909f56bfc062723c751e8b465ee728b)
Start importing Assets/Sos using Guid(e7802812a69e39d46a828d4ab2e57d55) Importer(815301076,1909f56bfc062723c751e8b465ee728b)  -> (artifact id: 'fff07a4cc0370bd7ca5cc0a39614f275') in 0.000499 seconds
Number of updated asset objects reloaded before import = 0
Number of asset objects unloaded after import = 0
========================================================================
Received Import Request.
  Time since last request: 5.941808 seconds.
  path: Assets/SOs
  artifactKey: Guid(e7802812a69e39d46a828d4ab2e57d55) Importer(815301076,1909f56bfc062723c751e8b465ee728b)
Start importing Assets/SOs using Guid(e7802812a69e39d46a828d4ab2e57d55) Importer(815301076,1909f56bfc062723c751e8b465ee728b)  -> (artifact id: 'b8674fa34e0c77927d24992513b944f2') in 0.000624 seconds
Number of updated asset objects reloaded before import = 0
Number of asset objects unloaded after import = 0
========================================================================
Received Import Request.
  Time since last request: 6.177237 seconds.
  path: Assets/SOs/Plain.asset
  artifactKey: Guid(e10c1f922417dde4180f4e11d0e7d1ea) Importer(815301076,1909f56bfc062723c751e8b465ee728b)
Start importing Assets/SOs/Plain.asset using Guid(e10c1f922417dde4180f4e11d0e7d1ea) Importer(815301076,1909f56bfc062723c751e8b465ee728b)  -> (artifact id: 'a62c1e6e4082f3ad101d38357c9e7540') in 0.006852 seconds
Number of updated asset objects reloaded before import = 0
Number of asset objects unloaded after import = 1
========================================================================
Received Import Request.
  Time since last request: 5.124016 seconds.
  path: Assets/polyperfect/Low Poly Ultimate Pack/M/- Prefabs_M/Buildings_M/airport-control-tower.prefab
  artifactKey: Guid(78d744dd7b398f540bdde01fe817133b) Importer(815301076,1909f56bfc062723c751e8b465ee728b)
Start importing Assets/polyperfect/Low Poly Ultimate Pack/M/- Prefabs_M/Buildings_M/airport-control-tower.prefab using Guid(78d744dd7b398f540bdde01fe817133b) Importer(815301076,1909f56bfc062723c751e8b465ee728b)  -> (artifact id: '3fb0800f36a1d5cde84a5d34fa71e045') in 0.065649 seconds
Number of updated asset objects reloaded before import = 0
Number of asset objects unloaded after import = 8
========================================================================
Received Import Request.
  Time since last request: 0.008031 seconds.
  path: Assets/polyperfect/Low Poly Ultimate Pack/M/- Prefabs_M/Buildings_M/airport-hangar.prefab
  artifactKey: Guid(dd02b94f55aafb047989a3edee903f87) Importer(815301076,1909f56bfc062723c751e8b465ee728b)
Start importing Assets/polyperfect/Low Poly Ultimate Pack/M/- Prefabs_M/Buildings_M/airport-hangar.prefab using Guid(dd02b94f55aafb047989a3edee903f87) Importer(815301076,1909f56bfc062723c751e8b465ee728b)  -> (artifact id: '14385829e845b0dfd879052c6959cd4a') in 0.012210 seconds
Number of updated asset objects reloaded before import = 0
Number of asset objects unloaded after import = 8
========================================================================
Received Import Request.
  Time since last request: 0.000017 seconds.
  path: Assets/polyperfect/Low Poly Ultimate Pack/M/- Prefabs_M/Buildings_M/airport-terminal.prefab
  artifactKey: Guid(d09f858f18294d34698c85cf763ffca1) Importer(815301076,1909f56bfc062723c751e8b465ee728b)
Start importing Assets/polyperfect/Low Poly Ultimate Pack/M/- Prefabs_M/Buildings_M/airport-terminal.prefab using Guid(d09f858f18294d34698c85cf763ffca1) Importer(815301076,1909f56bfc062723c751e8b465ee728b)  -> (artifact id: '7008a21d0cf29d0d205e0f54fb8b9b92') in 0.013254 seconds
Number of updated asset objects reloaded before import = 0
Number of asset objects unloaded after import = 8
========================================================================
Received Import Request.
  Time since last request: 0.000018 seconds.
  path: Assets/polyperfect/Low Poly Ultimate Pack/T/- Prefabs_T/Buildings_T/airport-terminal.prefab
  artifactKey: Guid(0c8ee0fafcfaa7e48b078f1eaec45fe2) Importer(815301076,1909f56bfc062723c751e8b465ee728b)
Start importing Assets/polyperfect/Low Poly Ultimate Pack/T/- Prefabs_T/Buildings_T/airport-terminal.prefab using Guid(0c8ee0fafcfaa7e48b078f1eaec45fe2) Importer(815301076,1909f56bfc062723c751e8b465ee728b)  -> (artifact id: '79b4510119b651a372fd4596c112f67a') in 0.012856 seconds
Number of updated asset objects reloaded before import = 0
Number of asset objects unloaded after import = 8
========================================================================
Received Import Request.
  Time since last request: 0.000017 seconds.
  path: Assets/polyperfect/Low Poly Ultimate Pack/T/- Prefabs_T/Weapons_T/ak-47.prefab
  artifactKey: Guid(8523f067c8f2b7a49a070bb82c7793d8) Importer(815301076,1909f56bfc062723c751e8b465ee728b)
Start importing Assets/polyperfect/Low Poly Ultimate Pack/T/- Prefabs_T/Weapons_T/ak-47.prefab using Guid(8523f067c8f2b7a49a070bb82c7793d8) Importer(815301076,1909f56bfc062723c751e8b465ee728b)  -> (artifact id: '0a2f818b26117f92af7ee71886da4790') in 0.012633 seconds
Number of updated asset objects reloaded before import = 0
Number of asset objects unloaded after import = 8
========================================================================
Received Import Request.
  Time since last request: 0.000016 seconds.
  path: Assets/polyperfect/Low Poly Ultimate Pack/M/- Prefabs_M/People_M/alien-ufo.prefab
  artifactKey: Guid(2e3b491ac8499904fb847540fea6dd05) Importer(815301076,1909f56bfc062723c751e8b465ee728b)
Start importing Assets/polyperfect/Low Poly Ultimate Pack/M/- Prefabs_M/People_M/alien-ufo.prefab using Guid(2e3b491ac8499904fb847540fea6dd05) Importer(815301076,1909f56bfc062723c751e8b465ee728b)  -> (artifact id: 'ecd33b2a01186745c6db63c9154992ad') in 0.012677 seconds
Number of updated asset objects reloaded before import = 0
Number of asset objects unloaded after import = 8
========================================================================
Received Import Request.
  Time since last request: 0.000030 seconds.
  path: Assets/polyperfect/Low Poly Ultimate Pack/M/- Prefabs_M/People_M/Rigs_M/alien-ufo_Rig.prefab
  artifactKey: Guid(15b58a6f5cd99274d92fead93cc0a99e) Importer(815301076,1909f56bfc062723c751e8b465ee728b)
Start importing Assets/polyperfect/Low Poly Ultimate Pack/M/- Prefabs_M/People_M/Rigs_M/alien-ufo_Rig.prefab using Guid(15b58a6f5cd99274d92fead93cc0a99e) Importer(815301076,1909f56bfc062723c751e8b465ee728b)  -> (artifact id: '4f7b99de7f35301e7da9304c99026cd1') in 0.019623 seconds
Number of updated asset objects reloaded before import = 0
Number of asset objects unloaded after import = 67
========================================================================
Received Import Request.
  Time since last request: 0.000014 seconds.
  path: Assets/polyperfect/Low Poly Ultimate Pack/M/- Prefabs_M/Nature_M/Flowers_M/aloe-vera.prefab
  artifactKey: Guid(07fb332e7d10b3b40995044aacc33790) Importer(815301076,1909f56bfc062723c751e8b465ee728b)
Start importing Assets/polyperfect/Low Poly Ultimate Pack/M/- Prefabs_M/Nature_M/Flowers_M/aloe-vera.prefab using Guid(07fb332e7d10b3b40995044aacc33790) Importer(815301076,1909f56bfc062723c751e8b465ee728b)  -> (artifact id: '9fcba099bd772103f962ae8c18fae655') in 0.011524 seconds
Number of updated asset objects reloaded before import = 0
Number of asset objects unloaded after import = 7
========================================================================
Received Import Request.
  Time since last request: 0.003398 seconds.
  path: Assets/polyperfect/Low Poly Ultimate Pack/T/- Prefabs_T/Fantasy_T/altar.prefab
  artifactKey: Guid(e084f2be5147b45d88f4a010456a25c8) Importer(815301076,1909f56bfc062723c751e8b465ee728b)
Start importing Assets/polyperfect/Low Poly Ultimate Pack/T/- Prefabs_T/Fantasy_T/altar.prefab using Guid(e084f2be5147b45d88f4a010456a25c8) Importer(815301076,1909f56bfc062723c751e8b465ee728b)  -> (artifact id: 'e6484b46b6be21a73b1c7c24365b306e') in 0.008853 seconds
Number of updated asset objects reloaded before import = 0
Number of asset objects unloaded after import = 8
========================================================================
Received Import Request.
  Time since last request: 0.000017 seconds.
  path: Assets/polyperfect/Low Poly Ultimate Pack/M/- Prefabs_M/Resources_M/aluminium.prefab
  artifactKey: Guid(4500c4d95646e5c4baa91d7b11d376ad) Importer(815301076,1909f56bfc062723c751e8b465ee728b)
Start importing Assets/polyperfect/Low Poly Ultimate Pack/M/- Prefabs_M/Resources_M/aluminium.prefab using Guid(4500c4d95646e5c4baa91d7b11d376ad) Importer(815301076,1909f56bfc062723c751e8b465ee728b)  -> (artifact id: '5897a2b30479f4d24d465ba2b5ff97d0') in 0.008951 seconds
Number of updated asset objects reloaded before import = 0
Number of asset objects unloaded after import = 8
========================================================================
Received Import Request.
  Time since last request: 0.007151 seconds.
  path: Assets/polyperfect/Low Poly Ultimate Pack/T/- Prefabs_T/Sport_T/american-football-gate.prefab
  artifactKey: Guid(b1aa819f05826dd42810fa89167345f3) Importer(815301076,1909f56bfc062723c751e8b465ee728b)
Start importing Assets/polyperfect/Low Poly Ultimate Pack/T/- Prefabs_T/Sport_T/american-football-gate.prefab using Guid(b1aa819f05826dd42810fa89167345f3) Importer(815301076,1909f56bfc062723c751e8b465ee728b)  -> (artifact id: '1d9c99f34668228a9bcad3e32aee1267') in 0.012529 seconds
Number of updated asset objects reloaded before import = 0
Number of asset objects unloaded after import = 8
========================================================================
Received Import Request.
  Time since last request: 0.000013 seconds.
  path: Assets/polyperfect/Low Poly Ultimate Pack/T/- Prefabs_T/Weapons_T/ammo-box-bullets.prefab
  artifactKey: Guid(a5b885303be856647b142af6497a0213) Importer(815301076,1909f56bfc062723c751e8b465ee728b)
Start importing Assets/polyperfect/Low Poly Ultimate Pack/T/- Prefabs_T/Weapons_T/ammo-box-bullets.prefab using Guid(a5b885303be856647b142af6497a0213) Importer(815301076,1909f56bfc062723c751e8b465ee728b)  -> (artifact id: 'e82ed48c86d6411d3d9885ac09e2c38d') in 0.011891 seconds
Number of updated asset objects reloaded before import = 0
Number of asset objects unloaded after import = 8
========================================================================
Received Import Request.
  Time since last request: 0.000014 seconds.
  path: Assets/polyperfect/Low Poly Ultimate Pack/T/- Prefabs_T/Weapons_T/ammo-box-bullets-open.prefab
  artifactKey: Guid(a63a0f5b2fd3c434981344a700f45b28) Importer(815301076,1909f56bfc062723c751e8b465ee728b)
Start importing Assets/polyperfect/Low Poly Ultimate Pack/T/- Prefabs_T/Weapons_T/ammo-box-bullets-open.prefab using Guid(a63a0f5b2fd3c434981344a700f45b28) Importer(815301076,1909f56bfc062723c751e8b465ee728b)  -> (artifact id: '69544e4fbf5bce4619954555139cb77c') in 0.013955 seconds
Number of updated asset objects reloaded before import = 0
Number of asset objects unloaded after import = 8
========================================================================
Received Import Request.
  Time since last request: 0.003456 seconds.
  path: Assets/polyperfect/Low Poly Ultimate Pack/M/- Prefabs_M/Weapons_M/ammo-box-explosives.prefab
  artifactKey: Guid(27cf849bcdda87f4d94f5eae49f41752) Importer(815301076,1909f56bfc062723c751e8b465ee728b)
Start importing Assets/polyperfect/Low Poly Ultimate Pack/M/- Prefabs_M/Weapons_M/ammo-box-explosives.prefab using Guid(27cf849bcdda87f4d94f5eae49f41752) Importer(815301076,1909f56bfc062723c751e8b465ee728b)  -> (artifact id: '2a2d8c372652c482f9120f8f1998f04e') in 0.009369 seconds
Number of updated asset objects reloaded before import = 0
Number of asset objects unloaded after import = 7
========================================================================
Received Import Request.
  Time since last request: 0.003071 seconds.
  path: Assets/polyperfect/Low Poly Ultimate Pack/M/- Prefabs_M/WW2_M/ammo-crate-pak.prefab
  artifactKey: Guid(ac8ecb963c29c45deb56c9d18dc61cdb) Importer(815301076,1909f56bfc062723c751e8b465ee728b)
Start importing Assets/polyperfect/Low Poly Ultimate Pack/M/- Prefabs_M/WW2_M/ammo-crate-pak.prefab using Guid(ac8ecb963c29c45deb56c9d18dc61cdb) Importer(815301076,1909f56bfc062723c751e8b465ee728b)  -> (artifact id: '029889c266028fbcaeded43487d1436b') in 0.009370 seconds
Number of updated asset objects reloaded before import = 0
Number of asset objects unloaded after import = 8
========================================================================
Received Import Request.
  Time since last request: 0.006122 seconds.
  path: Assets/polyperfect/Low Poly Ultimate Pack/M/- Prefabs_M/Weapons_M/ammo-shotgun.prefab
  artifactKey: Guid(f046f6f35e0781348be3d6521bc51ad7) Importer(815301076,1909f56bfc062723c751e8b465ee728b)
Start importing Assets/polyperfect/Low Poly Ultimate Pack/M/- Prefabs_M/Weapons_M/ammo-shotgun.prefab using Guid(f046f6f35e0781348be3d6521bc51ad7) Importer(815301076,1909f56bfc062723c751e8b465ee728b)  -> (artifact id: '37a2d49c0f277400a8f313cb5eed91eb') in 0.009311 seconds
Number of updated asset objects reloaded before import = 0
Number of asset objects unloaded after import = 7
========================================================================
Received Import Request.
  Time since last request: 0.000015 seconds.
  path: Assets/polyperfect/Low Poly Ultimate Pack/T/- Prefabs_T/Weapons_T/ammo-shotgun-open.prefab
  artifactKey: Guid(529a2996e11e8fd408cc5a0209a75795) Importer(815301076,1909f56bfc062723c751e8b465ee728b)
Start importing Assets/polyperfect/Low Poly Ultimate Pack/T/- Prefabs_T/Weapons_T/ammo-shotgun-open.prefab using Guid(529a2996e11e8fd408cc5a0209a75795) Importer(815301076,1909f56bfc062723c751e8b465ee728b)  -> (artifact id: '0af0ccb302908458b8b7c80a354d7fcc') in 0.012505 seconds
Number of updated asset objects reloaded before import = 0
Number of asset objects unloaded after import = 8
========================================================================
Received Import Request.
  Time since last request: 0.002854 seconds.
  path: Assets/polyperfect/Low Poly Ultimate Pack/T/- Prefabs_T/Props_T/anchor.prefab
  artifactKey: Guid(25595fb68aa0d4f81bd9363a1a314491) Importer(815301076,1909f56bfc062723c751e8b465ee728b)
Start importing Assets/polyperfect/Low Poly Ultimate Pack/T/- Prefabs_T/Props_T/anchor.prefab using Guid(25595fb68aa0d4f81bd9363a1a314491) Importer(815301076,1909f56bfc062723c751e8b465ee728b)  -> (artifact id: '53659dec6cc1d3e98d4469e537f46945') in 0.009142 seconds
Number of updated asset objects reloaded before import = 0
Number of asset objects unloaded after import = 8
========================================================================
Received Import Request.
  Time since last request: 0.002572 seconds.
  path: Assets/polyperfect/Low Poly Ultimate Pack/T/- Prefabs_T/Tools_T/anvil.prefab
  artifactKey: Guid(187304cefdff31b40af9df4c8bc858ec) Importer(815301076,1909f56bfc062723c751e8b465ee728b)
Start importing Assets/polyperfect/Low Poly Ultimate Pack/T/- Prefabs_T/Tools_T/anvil.prefab using Guid(187304cefdff31b40af9df4c8bc858ec) Importer(815301076,1909f56bfc062723c751e8b465ee728b)  -> (artifact id: '9a372cf1b1126414da67664f78ab5809') in 0.013062 seconds
Number of updated asset objects reloaded before import = 0
Number of asset objects unloaded after import = 8
========================================================================
Received Import Request.
  Time since last request: 0.002714 seconds.
  path: Assets/polyperfect/Low Poly Ultimate Pack/T/- Prefabs_T/Food_T/apple.prefab
  artifactKey: Guid(d8dad9d2d761e460bb0a3f03ef8fccb8) Importer(815301076,1909f56bfc062723c751e8b465ee728b)
Start importing Assets/polyperfect/Low Poly Ultimate Pack/T/- Prefabs_T/Food_T/apple.prefab using Guid(d8dad9d2d761e460bb0a3f03ef8fccb8) Importer(815301076,1909f56bfc062723c751e8b465ee728b)  -> (artifact id: '65e44dac65c6f38110b1b067df67bc0c') in 0.009683 seconds
Number of updated asset objects reloaded before import = 0
Number of asset objects unloaded after import = 8
========================================================================
Received Import Request.
  Time since last request: 0.006471 seconds.
  path: Assets/polyperfect/Low Poly Ultimate Pack/T/- Prefabs_T/Food_T/apple-core.prefab
  artifactKey: Guid(fecacadd912d94d4cab6106b03dec7ec) Importer(815301076,1909f56bfc062723c751e8b465ee728b)
Start importing Assets/polyperfect/Low Poly Ultimate Pack/T/- Prefabs_T/Food_T/apple-core.prefab using Guid(fecacadd912d94d4cab6106b03dec7ec) Importer(815301076,1909f56bfc062723c751e8b465ee728b)  -> (artifact id: '216fdddfbcb6184fdfd28c6af53cf6f6') in 0.009498 seconds
Number of updated asset objects reloaded before import = 0
Number of asset objects unloaded after import = 8
========================================================================
Received Import Request.
  Time since last request: 0.006052 seconds.
  path: Assets/polyperfect/Low Poly Ultimate Pack/T/- Prefabs_T/Electronics_T/arcade-machine-dance.prefab
  artifactKey: Guid(ec1df4f63ced3f84cbfcafc65c458096) Importer(815301076,1909f56bfc062723c751e8b465ee728b)
Start importing Assets/polyperfect/Low Poly Ultimate Pack/T/- Prefabs_T/Electronics_T/arcade-machine-dance.prefab using Guid(ec1df4f63ced3f84cbfcafc65c458096) Importer(815301076,1909f56bfc062723c751e8b465ee728b)  -> (artifact id: '737f23001016444b63b5aaf4b5dc6693') in 0.011620 seconds
Number of updated asset objects reloaded before import = 0
Number of asset objects unloaded after import = 8
========================================================================
Received Import Request.
  Time since last request: 0.004505 seconds.
  path: Assets/polyperfect/Low Poly Ultimate Pack/T/- Prefabs_T/Electronics_T/arcade-machine-frog.prefab
  artifactKey: Guid(6b1370bd22d97b048a00a52513b70c55) Importer(815301076,1909f56bfc062723c751e8b465ee728b)
Start importing Assets/polyperfect/Low Poly Ultimate Pack/T/- Prefabs_T/Electronics_T/arcade-machine-frog.prefab using Guid(6b1370bd22d97b048a00a52513b70c55) Importer(815301076,1909f56bfc062723c751e8b465ee728b)  -> (artifact id: 'a0165c995e887d38f40b353752be03c4') in 0.019832 seconds
Number of updated asset objects reloaded before import = 0
Number of asset objects unloaded after import = 8
========================================================================
Received Import Request.
  Time since last request: 0.005796 seconds.
  path: Assets/polyperfect/Low Poly Ultimate Pack/T/- Prefabs_T/Electronics_T/arcade-machine-race.prefab
  artifactKey: Guid(d0785b4f81da01b469286b52e5c98c1c) Importer(815301076,1909f56bfc062723c751e8b465ee728b)
Start importing Assets/polyperfect/Low Poly Ultimate Pack/T/- Prefabs_T/Electronics_T/arcade-machine-race.prefab using Guid(d0785b4f81da01b469286b52e5c98c1c) Importer(815301076,1909f56bfc062723c751e8b465ee728b)  -> (artifact id: 'f5e39ae702788759fe33febc7f80629b') in 0.011737 seconds
Number of updated asset objects reloaded before import = 0
Number of asset objects unloaded after import = 8
========================================================================
Received Import Request.
  Time since last request: 0.003706 seconds.
  path: Assets/polyperfect/Low Poly Ultimate Pack/M/- Prefabs_M/Electronics_M/arcade-machine-shooter.prefab
  artifactKey: Guid(ec96fdf3e0294b942b18f3d93254851e) Importer(815301076,1909f56bfc062723c751e8b465ee728b)
Start importing Assets/polyperfect/Low Poly Ultimate Pack/M/- Prefabs_M/Electronics_M/arcade-machine-shooter.prefab using Guid(ec96fdf3e0294b942b18f3d93254851e) Importer(815301076,1909f56bfc062723c751e8b465ee728b)  -> (artifact id: '2d6e2fdb2d10b2be415602f3df75e591') in 0.016016 seconds
Number of updated asset objects reloaded before import = 0
Number of asset objects unloaded after import = 8
========================================================================
Received Import Request.
  Time since last request: 1.551465 seconds.
  path: Assets/polyperfect/Low Poly Ultimate Pack/M/- Meshes_M/Construction_M/brick-plain.fbx
  artifactKey: Guid(d2b990ab3c10b8b4998590382baa4a56) Importer(815301076,1909f56bfc062723c751e8b465ee728b)
Start importing Assets/polyperfect/Low Poly Ultimate Pack/M/- Meshes_M/Construction_M/brick-plain.fbx using Guid(d2b990ab3c10b8b4998590382baa4a56) Importer(815301076,1909f56bfc062723c751e8b465ee728b)  -> (artifact id: '13069167a20d55e4c0030e4c7a0190fa') in 0.041797 seconds
Number of updated asset objects reloaded before import = 0
Number of asset objects unloaded after import = 7
========================================================================
Received Import Request.
  Time since last request: 0.000016 seconds.
  path: Assets/polyperfect/Low Poly Ultimate Pack/M/- Prefabs_M/Construction_M/brick-plain-stack.prefab
  artifactKey: Guid(a942300dcadc1494f8531348cbe13886) Importer(815301076,1909f56bfc062723c751e8b465ee728b)
Start importing Assets/polyperfect/Low Poly Ultimate Pack/M/- Prefabs_M/Construction_M/brick-plain-stack.prefab using Guid(a942300dcadc1494f8531348cbe13886) Importer(815301076,1909f56bfc062723c751e8b465ee728b)  -> (artifact id: '222065f2cc01b4299a56823d111c172d') in 0.011353 seconds
Number of updated asset objects reloaded before import = 0
Number of asset objects unloaded after import = 8
========================================================================
Received Import Request.
  Time since last request: 0.000013 seconds.
  path: Assets/polyperfect/Low Poly Ultimate Pack/T/- Meshes_T/Construction_T/brick-plain-stack.fbx
  artifactKey: Guid(bece72746a3244049bdada5bcfc70e96) Importer(815301076,1909f56bfc062723c751e8b465ee728b)
Start importing Assets/polyperfect/Low Poly Ultimate Pack/T/- Meshes_T/Construction_T/brick-plain-stack.fbx using Guid(bece72746a3244049bdada5bcfc70e96) Importer(815301076,1909f56bfc062723c751e8b465ee728b)  -> (artifact id: '9d74cfc80060c24c1c3b0a69cbbe9139') in 0.014826 seconds
Number of updated asset objects reloaded before import = 0
Number of asset objects unloaded after import = 7
========================================================================
Received Import Request.
  Time since last request: 0.000013 seconds.
  path: Assets/polyperfect/Low Poly Ultimate Pack/T/- Meshes_T/Terrains_T/Planes_T/terrain-plane-plain.fbx
  artifactKey: Guid(dcce76715d42f42c4a6f02bfdfde8e23) Importer(815301076,1909f56bfc062723c751e8b465ee728b)
Start importing Assets/polyperfect/Low Poly Ultimate Pack/T/- Meshes_T/Terrains_T/Planes_T/terrain-plane-plain.fbx using Guid(dcce76715d42f42c4a6f02bfdfde8e23) Importer(815301076,1909f56bfc062723c751e8b465ee728b)  -> (artifact id: '94ad7434310fcbae91266d829cd58707') in 0.008243 seconds
Number of updated asset objects reloaded before import = 0
Number of asset objects unloaded after import = 7
========================================================================
Received Import Request.
  Time since last request: 0.000017 seconds.
  path: Assets/polyperfect/Low Poly Ultimate Pack/M/- Prefabs_M/Tiles_M/tile-plain.prefab
  artifactKey: Guid(ad9d3c1bf87264ed8a89c188f2c1018c) Importer(815301076,1909f56bfc062723c751e8b465ee728b)
Start importing Assets/polyperfect/Low Poly Ultimate Pack/M/- Prefabs_M/Tiles_M/tile-plain.prefab using Guid(ad9d3c1bf87264ed8a89c188f2c1018c) Importer(815301076,1909f56bfc062723c751e8b465ee728b)  -> (artifact id: 'f1fc918fc9f619c2ab7cd9b409f403fa') in 0.014524 seconds
Number of updated asset objects reloaded before import = 0
Number of asset objects unloaded after import = 8
========================================================================
Received Import Request.
  Time since last request: 0.000014 seconds.
  path: Assets/polyperfect/Low Poly Ultimate Pack/M/- Prefabs_M/Terrains_M/Worlds_M/terrain-world-plain.prefab
  artifactKey: Guid(f3717ec476d85431cb3b0f6be1a9ce13) Importer(815301076,1909f56bfc062723c751e8b465ee728b)
Start importing Assets/polyperfect/Low Poly Ultimate Pack/M/- Prefabs_M/Terrains_M/Worlds_M/terrain-world-plain.prefab using Guid(f3717ec476d85431cb3b0f6be1a9ce13) Importer(815301076,1909f56bfc062723c751e8b465ee728b)  -> (artifact id: 'ad4e1bbcc994c184fdf94fab73335402') in 0.010026 seconds
Number of updated asset objects reloaded before import = 0
Number of asset objects unloaded after import = 8
========================================================================
Received Import Request.
  Time since last request: 0.000013 seconds.
  path: Assets/polyperfect/Low Poly Ultimate Pack/T/- Prefabs_T/Tiles_T/tile-plain-hump.prefab
  artifactKey: Guid(132f677729d046942b3b4e8766dac0e6) Importer(815301076,1909f56bfc062723c751e8b465ee728b)
Start importing Assets/polyperfect/Low Poly Ultimate Pack/T/- Prefabs_T/Tiles_T/tile-plain-hump.prefab using Guid(132f677729d046942b3b4e8766dac0e6) Importer(815301076,1909f56bfc062723c751e8b465ee728b)  -> (artifact id: '8625200a08257ada0af60e5bb79bc1c2') in 0.011796 seconds
Number of updated asset objects reloaded before import = 0
Number of asset objects unloaded after import = 8
========================================================================
Received Import Request.
  Time since last request: 0.000015 seconds.
  path: Assets/polyperfect/Low Poly Ultimate Pack/T/- Prefabs_T/Tiles-NB_T/tile-plain-hump-nb.prefab
  artifactKey: Guid(9e6cdb8e34a625c4da0f40fc2aba6bb3) Importer(815301076,1909f56bfc062723c751e8b465ee728b)
Start importing Assets/polyperfect/Low Poly Ultimate Pack/T/- Prefabs_T/Tiles-NB_T/tile-plain-hump-nb.prefab using Guid(9e6cdb8e34a625c4da0f40fc2aba6bb3) Importer(815301076,1909f56bfc062723c751e8b465ee728b)  -> (artifact id: '07eea251258e39027fd18296c3c8b282') in 0.013631 seconds
Number of updated asset objects reloaded before import = 0
Number of asset objects unloaded after import = 8
========================================================================
Received Import Request.
  Time since last request: 0.000022 seconds.
  path: Assets/polyperfect/Low Poly Ultimate Pack/M/- Prefabs_M/Tiles_NB_M/tile-plain-hump-nb.prefab
  artifactKey: Guid(a018fe3ec7102a2438033808471cf892) Importer(815301076,1909f56bfc062723c751e8b465ee728b)
Start importing Assets/polyperfect/Low Poly Ultimate Pack/M/- Prefabs_M/Tiles_NB_M/tile-plain-hump-nb.prefab using Guid(a018fe3ec7102a2438033808471cf892) Importer(815301076,1909f56bfc062723c751e8b465ee728b)  -> (artifact id: '8b5af08c0976e359b3eb2421a6e89d49') in 0.009125 seconds
Number of updated asset objects reloaded before import = 0
Number of asset objects unloaded after import = 8
========================================================================
Received Import Request.
  Time since last request: 0.000012 seconds.
  path: Assets/polyperfect/Low Poly Ultimate Pack/T/- Prefabs_T/Terrains_T/Planes_T/terrain-plane-plain.prefab
  artifactKey: Guid(5391a36fb631c4c5995bfb4ac56a2758) Importer(815301076,1909f56bfc062723c751e8b465ee728b)
Start importing Assets/polyperfect/Low Poly Ultimate Pack/T/- Prefabs_T/Terrains_T/Planes_T/terrain-plane-plain.prefab using Guid(5391a36fb631c4c5995bfb4ac56a2758) Importer(815301076,1909f56bfc062723c751e8b465ee728b)  -> (artifact id: 'ceebe21992afc0cb630037498a0457e6') in 0.009983 seconds
Number of updated asset objects reloaded before import = 0
Number of asset objects unloaded after import = 8
========================================================================
Received Import Request.
  Time since last request: 0.000012 seconds.
  path: Assets/polyperfect/Low Poly Ultimate Pack/M/- Prefabs_M/Tiles_NB_M/tile-plain-nb.prefab
  artifactKey: Guid(3f03c5eec7281904ca7aac9b2969e3ab) Importer(815301076,1909f56bfc062723c751e8b465ee728b)
Start importing Assets/polyperfect/Low Poly Ultimate Pack/M/- Prefabs_M/Tiles_NB_M/tile-plain-nb.prefab using Guid(3f03c5eec7281904ca7aac9b2969e3ab) Importer(815301076,1909f56bfc062723c751e8b465ee728b)  -> (artifact id: '6fc070bc3fd54c637df05bcc33618c68') in 0.008275 seconds
Number of updated asset objects reloaded before import = 0
Number of asset objects unloaded after import = 8
========================================================================
Received Import Request.
  Time since last request: 0.000015 seconds.
  path: Assets/polyperfect/Low Poly Ultimate Pack/T/- Prefabs_T/Terrains_T/Worlds_T/terrain-world-plain.prefab
  artifactKey: Guid(f6cda126f120f430f91234c74e2cf2d0) Importer(815301076,1909f56bfc062723c751e8b465ee728b)
Start importing Assets/polyperfect/Low Poly Ultimate Pack/T/- Prefabs_T/Terrains_T/Worlds_T/terrain-world-plain.prefab using Guid(f6cda126f120f430f91234c74e2cf2d0) Importer(815301076,1909f56bfc062723c751e8b465ee728b)  -> (artifact id: 'd7c49fafb8981f268ac419a6f0cbeebb') in 0.011254 seconds
Number of updated asset objects reloaded before import = 0
Number of asset objects unloaded after import = 8
========================================================================
Received Import Request.
  Time since last request: 0.006765 seconds.
  path: Assets/polyperfect/Low Poly Ultimate Pack/T/- Prefabs_T/Tiles_T/tile-plain_concrete.prefab
  artifactKey: Guid(694c23563628a4178bcd3bf91226687b) Importer(815301076,1909f56bfc062723c751e8b465ee728b)
Start importing Assets/polyperfect/Low Poly Ultimate Pack/T/- Prefabs_T/Tiles_T/tile-plain_concrete.prefab using Guid(694c23563628a4178bcd3bf91226687b) Importer(815301076,1909f56bfc062723c751e8b465ee728b)  -> (artifact id: '69224588ae2619844d3e1eb37249331b') in 0.009796 seconds
Number of updated asset objects reloaded before import = 0
Number of asset objects unloaded after import = 8
========================================================================
Received Import Request.
  Time since last request: 0.007355 seconds.
  path: Assets/polyperfect/Low Poly Ultimate Pack/T/- Prefabs_T/Tiles_T/tile-plain_dirt.prefab
  artifactKey: Guid(09e72c406ea8e4125abb6798f0c60e83) Importer(815301076,1909f56bfc062723c751e8b465ee728b)
Start importing Assets/polyperfect/Low Poly Ultimate Pack/T/- Prefabs_T/Tiles_T/tile-plain_dirt.prefab using Guid(09e72c406ea8e4125abb6798f0c60e83) Importer(815301076,1909f56bfc062723c751e8b465ee728b)  -> (artifact id: 'fdceefa5a127d44f3cc09134ac483eab') in 0.009475 seconds
Number of updated asset objects reloaded before import = 0
Number of asset objects unloaded after import = 8
========================================================================
Received Import Request.
  Time since last request: 0.006412 seconds.
  path: Assets/polyperfect/Low Poly Ultimate Pack/T/- Prefabs_T/Tiles_T/tile-plain_grass.prefab
  artifactKey: Guid(63f209a73d2eb4e469c7ea5b5d8afd38) Importer(815301076,1909f56bfc062723c751e8b465ee728b)
Start importing Assets/polyperfect/Low Poly Ultimate Pack/T/- Prefabs_T/Tiles_T/tile-plain_grass.prefab using Guid(63f209a73d2eb4e469c7ea5b5d8afd38) Importer(815301076,1909f56bfc062723c751e8b465ee728b)  -> (artifact id: 'c49eb941b3742b86e2ae5afc73645e2c') in 0.009364 seconds
Number of updated asset objects reloaded before import = 0
Number of asset objects unloaded after import = 8
========================================================================
Received Import Request.
  Time since last request: 0.002914 seconds.
  path: Assets/polyperfect/Low Poly Ultimate Pack/T/- Prefabs_T/Tiles-NB_T/tile-plain_sand-nb.prefab
  artifactKey: Guid(d04b5528de453284d840786a34a51971) Importer(815301076,1909f56bfc062723c751e8b465ee728b)
Start importing Assets/polyperfect/Low Poly Ultimate Pack/T/- Prefabs_T/Tiles-NB_T/tile-plain_sand-nb.prefab using Guid(d04b5528de453284d840786a34a51971) Importer(815301076,1909f56bfc062723c751e8b465ee728b)  -> (artifact id: 'f43a48c09f02e92e94e9ca8c7dd82d11') in 0.013676 seconds
Number of updated asset objects reloaded before import = 0
Number of asset objects unloaded after import = 8
========================================================================
Received Import Request.
  Time since last request: 380.151671 seconds.
  path: Assets/polyperfect/Low Poly Ultimate Pack/M/- Meshes_M/Amusement Park_M/building-haunted-house.fbx
  artifactKey: Guid(ff5a1052c2f2a9a4e8d53bab84713a8c) Importer(815301076,1909f56bfc062723c751e8b465ee728b)
Start importing Assets/polyperfect/Low Poly Ultimate Pack/M/- Meshes_M/Amusement Park_M/building-haunted-house.fbx using Guid(ff5a1052c2f2a9a4e8d53bab84713a8c) Importer(815301076,1909f56bfc062723c751e8b465ee728b)  -> (artifact id: 'b783309f1de08f899866f0aeffb0eeb2') in 0.017116 seconds
Number of updated asset objects reloaded before import = 0
Number of asset objects unloaded after import = 7
========================================================================
Received Import Request.
  Time since last request: 0.000018 seconds.
  path: Assets/polyperfect/Low Poly Ultimate Pack/M/- Meshes_M/Amusement Park_M/bumper-cars-booth.fbx
  artifactKey: Guid(d4c09edfe6295ac4fbc8e950146cbd2a) Importer(815301076,1909f56bfc062723c751e8b465ee728b)
Start importing Assets/polyperfect/Low Poly Ultimate Pack/M/- Meshes_M/Amusement Park_M/bumper-cars-booth.fbx using Guid(d4c09edfe6295ac4fbc8e950146cbd2a) Importer(815301076,1909f56bfc062723c751e8b465ee728b)  -> (artifact id: '3c0be32d9b9c68b08896cc41995e9759') in 0.012151 seconds
Number of updated asset objects reloaded before import = 0
Number of asset objects unloaded after import = 7
========================================================================
Received Import Request.
  Time since last request: 0.007169 seconds.
  path: Assets/polyperfect/Low Poly Ultimate Pack/M/- Meshes_M/Amusement Park_M/coconut-stall.fbx
  artifactKey: Guid(cbc0f53e23f29c84682c06a2f138a128) Importer(815301076,1909f56bfc062723c751e8b465ee728b)
Start importing Assets/polyperfect/Low Poly Ultimate Pack/M/- Meshes_M/Amusement Park_M/coconut-stall.fbx using Guid(cbc0f53e23f29c84682c06a2f138a128) Importer(815301076,1909f56bfc062723c751e8b465ee728b)  -> (artifact id: '295eb20456b71cce71abd319d340f019') in 0.015495 seconds
Number of updated asset objects reloaded before import = 0
Number of asset objects unloaded after import = 7
========================================================================
Received Import Request.
  Time since last request: 0.000016 seconds.
  path: Assets/polyperfect/Low Poly Ultimate Pack/M/- Meshes_M/Amusement Park_M/ferris-wheel.fbx
  artifactKey: Guid(259c90d442d45ec45b5dafe44a9bd2a4) Importer(815301076,1909f56bfc062723c751e8b465ee728b)
Start importing Assets/polyperfect/Low Poly Ultimate Pack/M/- Meshes_M/Amusement Park_M/ferris-wheel.fbx using Guid(259c90d442d45ec45b5dafe44a9bd2a4) Importer(815301076,1909f56bfc062723c751e8b465ee728b)  -> (artifact id: 'd2d0e5b13aa979bc52f0bcc96e9cdfc8') in 0.096115 seconds
Number of updated asset objects reloaded before import = 0
Number of asset objects unloaded after import = 54
========================================================================
Received Import Request.
  Time since last request: 0.000014 seconds.
  path: Assets/polyperfect/Low Poly Ultimate Pack/M/- Meshes_M/Amusement Park_M/steak-stall.fbx
  artifactKey: Guid(247ff34f31de3e24888318d780984167) Importer(815301076,1909f56bfc062723c751e8b465ee728b)
Start importing Assets/polyperfect/Low Poly Ultimate Pack/M/- Meshes_M/Amusement Park_M/steak-stall.fbx using Guid(247ff34f31de3e24888318d780984167) Importer(815301076,1909f56bfc062723c751e8b465ee728b)  -> (artifact id: 'e2f97400cabe5a64d6f2b91281791cdd') in 0.012469 seconds
Number of updated asset objects reloaded before import = 0
Number of asset objects unloaded after import = 7
========================================================================
Received Import Request.
  Time since last request: 0.000018 seconds.
  path: Assets/polyperfect/Low Poly Ultimate Pack/M/- Meshes_M/Amusement Park_M/roller-coaster-cart-front.fbx
  artifactKey: Guid(2d95bb623ffc93246b5eacddae95a583) Importer(815301076,1909f56bfc062723c751e8b465ee728b)
Start importing Assets/polyperfect/Low Poly Ultimate Pack/M/- Meshes_M/Amusement Park_M/roller-coaster-cart-front.fbx using Guid(2d95bb623ffc93246b5eacddae95a583) Importer(815301076,1909f56bfc062723c751e8b465ee728b)  -> (artifact id: '442d0b1e99a21aba215c4ca58b792545') in 0.016150 seconds
Number of updated asset objects reloaded before import = 0
Number of asset objects unloaded after import = 7
========================================================================
Received Import Request.
  Time since last request: 0.000020 seconds.
  path: Assets/polyperfect/Low Poly Ultimate Pack/M/- Meshes_M/Amusement Park_M/souvenir-stall.fbx
  artifactKey: Guid(edd5de68870e22942b43cf8fd699242e) Importer(815301076,1909f56bfc062723c751e8b465ee728b)
Start importing Assets/polyperfect/Low Poly Ultimate Pack/M/- Meshes_M/Amusement Park_M/souvenir-stall.fbx using Guid(edd5de68870e22942b43cf8fd699242e) Importer(815301076,1909f56bfc062723c751e8b465ee728b)  -> (artifact id: 'c492b8a8deb8bc2442901a4293bb9696') in 0.024728 seconds
Number of updated asset objects reloaded before import = 0
Number of asset objects unloaded after import = 7
========================================================================
Received Import Request.
  Time since last request: 0.000013 seconds.
  path: Assets/polyperfect/Low Poly Ultimate Pack/M/- Meshes_M/Amusement Park_M/coffee-stall.fbx
  artifactKey: Guid(fdd93f0634d06f1499b3711d1eeabd21) Importer(815301076,1909f56bfc062723c751e8b465ee728b)
Start importing Assets/polyperfect/Low Poly Ultimate Pack/M/- Meshes_M/Amusement Park_M/coffee-stall.fbx using Guid(fdd93f0634d06f1499b3711d1eeabd21) Importer(815301076,1909f56bfc062723c751e8b465ee728b)  -> (artifact id: '62563a620fa90f6babeb044e21e18958') in 0.020747 seconds
Number of updated asset objects reloaded before import = 0
Number of asset objects unloaded after import = 7
========================================================================
Received Import Request.
  Time since last request: 0.000016 seconds.
  path: Assets/polyperfect/Low Poly Ultimate Pack/M/- Meshes_M/Amusement Park_M/tent-circus-big.fbx
  artifactKey: Guid(0fad9826ebae3e240bf357cfd5b3d754) Importer(815301076,1909f56bfc062723c751e8b465ee728b)
Start importing Assets/polyperfect/Low Poly Ultimate Pack/M/- Meshes_M/Amusement Park_M/tent-circus-big.fbx using Guid(0fad9826ebae3e240bf357cfd5b3d754) Importer(815301076,1909f56bfc062723c751e8b465ee728b)  -> (artifact id: '6c6588fcd330d527488bc9eafe6578de') in 0.028166 seconds
Number of updated asset objects reloaded before import = 0
Number of asset objects unloaded after import = 7
========================================================================
Received Import Request.
  Time since last request: 0.000012 seconds.
  path: Assets/polyperfect/Low Poly Ultimate Pack/M/- Meshes_M/Amusement Park_M/sushi-stall.fbx
  artifactKey: Guid(77beec0a50bd0444da9923d32b63ad8d) Importer(815301076,1909f56bfc062723c751e8b465ee728b)
Start importing Assets/polyperfect/Low Poly Ultimate Pack/M/- Meshes_M/Amusement Park_M/sushi-stall.fbx using Guid(77beec0a50bd0444da9923d32b63ad8d) Importer(815301076,1909f56bfc062723c751e8b465ee728b)  -> (artifact id: '2f14d53b2e5fbaf0db3a066a41fae491') in 0.015608 seconds
Number of updated asset objects reloaded before import = 0
Number of asset objects unloaded after import = 7
========================================================================
Received Import Request.
  Time since last request: 0.000014 seconds.
  path: Assets/polyperfect/Low Poly Ultimate Pack/M/- Meshes_M/Amusement Park_M/circus-wagon.fbx
  artifactKey: Guid(88d4d23e5c36c0e47867973a23d74aaf) Importer(815301076,1909f56bfc062723c751e8b465ee728b)
Start importing Assets/polyperfect/Low Poly Ultimate Pack/M/- Meshes_M/Amusement Park_M/circus-wagon.fbx using Guid(88d4d23e5c36c0e47867973a23d74aaf) Importer(815301076,1909f56bfc062723c751e8b465ee728b)  -> (artifact id: '18ba2a51b8251f987a7ad3711ab7a184') in 0.027415 seconds
Number of updated asset objects reloaded before import = 0
Number of asset objects unloaded after import = 19
========================================================================
Received Import Request.
  Time since last request: 0.000020 seconds.
  path: Assets/polyperfect/Low Poly Ultimate Pack/M/- Meshes_M/Amusement Park_M/roller-coaster-cart.fbx
  artifactKey: Guid(3e2b50033ca996f49a1528021ac0a0ae) Importer(815301076,1909f56bfc062723c751e8b465ee728b)
Start importing Assets/polyperfect/Low Poly Ultimate Pack/M/- Meshes_M/Amusement Park_M/roller-coaster-cart.fbx using Guid(3e2b50033ca996f49a1528021ac0a0ae) Importer(815301076,1909f56bfc062723c751e8b465ee728b)  -> (artifact id: 'a9ed6dca0f9de213223a37e75da0d4f8') in 0.015679 seconds
Number of updated asset objects reloaded before import = 0
Number of asset objects unloaded after import = 7
========================================================================
Received Import Request.
  Time since last request: 0.000022 seconds.
  path: Assets/polyperfect/Low Poly Ultimate Pack/M/- Meshes_M/Amusement Park_M/pizza-stall.fbx
  artifactKey: Guid(d51b31022091cd442a56e3c0eeab2b32) Importer(815301076,1909f56bfc062723c751e8b465ee728b)
Start importing Assets/polyperfect/Low Poly Ultimate Pack/M/- Meshes_M/Amusement Park_M/pizza-stall.fbx using Guid(d51b31022091cd442a56e3c0eeab2b32) Importer(815301076,1909f56bfc062723c751e8b465ee728b)  -> (artifact id: '2785104521eb3047cb2f0e69d414c165') in 0.015455 seconds
Number of updated asset objects reloaded before import = 0
Number of asset objects unloaded after import = 7
========================================================================
Received Prepare
Begin MonoManager ReloadAssembly
- Loaded All Assemblies, in  0.682 seconds
Refreshing native plugins compatible for Editor in 8.98 ms, found 3 plugins.
Native extension for WindowsStandalone target not found
Native extension for Android target not found
[Package Manager] Server::EnsureServerProcessIsRunning -- launch failed, reason: Unity was launched with the -noUpm command-line argument
[Package Manager] UpmClient::Send -- Unable to send message (not connected to UPM process).
[Package Manager] Cannot connect to Unity Package Manager local server
Mono: successfully reloaded assembly
- Finished resetting the current domain, in  1.397 seconds
Domain Reload Profiling: 2068ms
	BeginReloadAssembly (249ms)
		ExecutionOrderSort (0ms)
		DisableScriptedObjects (4ms)
		BackupInstance (0ms)
		ReleaseScriptingObjects (0ms)
		CreateAndSetChildDomain (35ms)
	RebuildCommonClasses (36ms)
	RebuildNativeTypeToScriptingClass (9ms)
	initialDomainReloadingComplete (51ms)
	LoadAllAssembliesAndSetupDomain (326ms)
		LoadAssemblies (483ms)
		RebuildTransferFunctionScriptingTraits (0ms)
		AnalyzeDomain (17ms)
			TypeCache.Refresh (6ms)
				TypeCache.ScanAssembly (0ms)
			ScanForSourceGeneratedMonoScriptInfo (6ms)
			ResolveRequiredComponents (3ms)
	FinalizeReload (1397ms)
		ReleaseScriptCaches (0ms)
		RebuildScriptCaches (0ms)
		SetupLoadedEditorAssemblies (500ms)
			LogAssemblyErrors (0ms)
			InitializePlatformSupportModulesInManaged (32ms)
			SetLoadedEditorAssemblies (4ms)
			RefreshPlugins (0ms)
			BeforeProcessingInitializeOnLoad (75ms)
			ProcessInitializeOnLoadAttributes (353ms)
			ProcessInitializeOnLoadMethodAttributes (16ms)
			AfterProcessingInitializeOnLoad (19ms)
			EditorAssembliesLoaded (0ms)
		ExecutionOrderSort2 (0ms)
		AwakeInstancesAfterBackupRestoration (6ms)
Refreshing native plugins compatible for Editor in 7.57 ms, found 3 plugins.
Preloading 0 native plugins for Editor in 0.00 ms.
Unloading 3086 Unused Serialized files (Serialized files now loaded: 0)
Unloading 24 unused Assets / (31.3 KB). Loaded Objects now: 3579.
Memory consumption went from 130.9 MB to 130.9 MB.
Total: 4.383000 ms (FindLiveObjects: 0.365300 ms CreateObjectMapping: 0.098300 ms MarkObjects: 3.860800 ms  DeleteObjects: 0.057700 ms)

Prepare: number of updated asset objects reloaded= 0
AssetImportParameters requested are different than current active one (requested -> active):
  custom:container-demuxer-ogg: 62fdf1f143b41e24485cea50d1cbac27 -> 
  custom:video-decoder-ogg-theora: a1e56fd34408186e4bbccfd4996cb3dc -> 
  custom:framework-win-MediaFoundation: 216162199b28c13a410421893ffa2e32 -> 
  custom:CustomObjectIndexerAttribute: 6d391050e5a25f67b0a2c618074f2cd9 -> 
  custom:container-demuxer-webm: 4f35f7cbe854078d1ac9338744f61a02 -> 
  custom:container-muxer-webm: aa71ff27fc2769a1b78a27578f13a17b -> 
  custom:video-decoder-webm-vp8: 9c59270c3fd7afecdb556c50c9e8de78 -> 
  custom:SearchIndexIgnoredProperties: e643bd26f0fe6173181afceb89e7c659 -> 
  custom:AudioImporter_EditorPlatform: d09bf68614088b80899f8185d706f6e7 -> 
  custom:video-encoder-webm-vp8: eb34c28f22e8b96e1ab97ce403110664 -> 
  custom:audio-decoder-ogg-vorbis: bf7c407c2cedff20999df2af8eb42d56 -> 
  custom:audio-encoder-webm-vorbis: bf7c407c2cedff20999df2af8eb42d56 -> 
Editor requested this worker to shutdown with reason: Scaling down because of idle timeout
TcpMessagingSession - receive error: operation aborted. errorcode: 995, details: The I/O operation has been aborted because of either a thread exit or an application request.
AssetImportWorker is now disconnected from the server
Process exiting
Exiting without the bug reporter. Application will terminate with return code 0